[2022-03-12T12:56:58.342Z] git에서 찾은 git 유효성을 검사하는 중
[2022-03-12T12:56:58.510Z] git에서 git 2.25.1을(를) 사용하는 중
[2022-03-12T12:56:58.939Z] > git rev-parse --git-dir [75ms]
[2022-03-12T12:56:58.959Z] Open repository: /home/sgyriley
[2022-03-12T12:56:59.566Z] > git symbolic-ref --short HEAD [208ms]
[2022-03-12T12:56:59.654Z] > git for-each-ref --format=%(refname)%00%(upstream:short)%00%(objectname)%00%(upstream:track) refs/heads/master refs/remotes/master [49ms]
[2022-03-12T12:56:59.727Z] > git ls-files --stage -- /home/sgyriley/hello/pikcls [183ms]
[2022-03-12T12:56:59.777Z] > git remote --verbose [53ms]
[2022-03-12T12:56:59.780Z] > git for-each-ref --sort -committerdate --format %(refname) %(objectname) %(*objectname) [90ms]
[2022-03-12T12:57:01.248Z] > git cat-file -s e69de29bb2d1d6434b8b29ae775ad8c2e48c5391 [1486ms]
[2022-03-12T12:57:01.266Z] > git config --get commit.template [60ms]
[2022-03-12T12:57:04.064Z] > git symbolic-ref --short HEAD [27ms]
[2022-03-12T12:57:04.235Z] > git for-each-ref --format=%(refname)%00%(upstream:short)%00%(objectname)%00%(upstream:track) refs/heads/master refs/remotes/master [37ms]
[2022-03-12T12:57:04.486Z] > git for-each-ref --sort -committerdate --format %(refname) %(objectname) %(*objectname) [197ms]
[2022-03-12T12:57:04.515Z] > git remote --verbose [34ms]
[2022-03-12T12:57:07.737Z] > git config --get commit.template [52ms]
[2022-03-12T12:57:13.484Z] > git symbolic-ref --short HEAD [32ms]
[2022-03-12T12:57:13.630Z] > git for-each-ref --format=%(refname)%00%(upstream:short)%00%(objectname)%00%(upstream:track) refs/heads/master refs/remotes/master [2ms]
[2022-03-12T12:57:13.992Z] > git remote --verbose [16ms]
[2022-03-12T12:57:13.993Z] > git for-each-ref --sort -committerdate --format %(refname) %(objectname) %(*objectname) [181ms]
[2022-03-12T12:57:17.038Z] > git config --get commit.template [2677ms]
[2022-03-12T13:00:43.341Z] > git symbolic-ref --short HEAD [13ms]
[2022-03-12T13:00:43.375Z] > git for-each-ref --format=%(refname)%00%(upstream:short)%00%(objectname)%00%(upstream:track) refs/heads/master refs/remotes/master [11ms]
[2022-03-12T13:00:43.421Z] > git for-each-ref --sort -committerdate --format %(refname) %(objectname) %(*objectname) [25ms]
[2022-03-12T13:00:43.429Z] > git remote --verbose [10ms]
[2022-03-12T13:00:43.528Z] > git config --get commit.template [18ms]
[2022-03-12T13:00:48.813Z] > git symbolic-ref --short HEAD [12ms]
[2022-03-12T13:00:48.850Z] > git for-each-ref --format=%(refname)%00%(upstream:short)%00%(objectname)%00%(upstream:track) refs/heads/master refs/remotes/master [12ms]
[2022-03-12T13:00:48.910Z] > git for-each-ref --sort -committerdate --format %(refname) %(objectname) %(*objectname) [35ms]
[2022-03-12T13:00:48.919Z] > git remote --verbose [14ms]
[2022-03-12T13:00:49.004Z] > git config --get commit.template [10ms]
[2022-03-12T13:00:54.291Z] > git symbolic-ref --short HEAD [12ms]
[2022-03-12T13:00:54.336Z] > git for-each-ref --format=%(refname)%00%(upstream:short)%00%(objectname)%00%(upstream:track) refs/heads/master refs/remotes/master [12ms]
[2022-03-12T13:00:54.406Z] > git for-each-ref --sort -committerdate --format %(refname) %(objectname) %(*objectname) [35ms]
[2022-03-12T13:00:54.416Z] > git remote --verbose [14ms]
[2022-03-12T13:00:54.501Z] > git config --get commit.template [16ms]
[2022-03-12T13:00:59.737Z] > git symbolic-ref --short HEAD [12ms]
[2022-03-12T13:00:59.773Z] > git for-each-ref --format=%(refname)%00%(upstream:short)%00%(objectname)%00%(upstream:track) refs/heads/master refs/remotes/master [9ms]
[2022-03-12T13:00:59.838Z] > git for-each-ref --sort -committerdate --format %(refname) %(objectname) %(*objectname) [36ms]
[2022-03-12T13:00:59.849Z] > git remote --verbose [14ms]
[2022-03-12T13:00:59.915Z] > git config --get commit.template [11ms]
[2022-03-12T13:01:05.226Z] > git symbolic-ref --short HEAD [12ms]
[2022-03-12T13:01:05.266Z] > git for-each-ref --format=%(refname)%00%(upstream:short)%00%(objectname)%00%(upstream:track) refs/heads/master refs/remotes/master [10ms]
[2022-03-12T13:01:05.358Z] > git for-each-ref --sort -committerdate --format %(refname) %(objectname) %(*objectname) [59ms]
[2022-03-12T13:01:05.369Z] > git remote --verbose [15ms]
[2022-03-12T13:01:05.448Z] > git config --get commit.template [13ms]
[2022-03-12T13:01:08.607Z] > git ls-files --stage -- /home/sgyriley/hello/pikcls [11ms]
[2022-03-12T13:01:08.650Z] > git cat-file -s e69de29bb2d1d6434b8b29ae775ad8c2e48c5391 [14ms]
[2022-03-12T13:01:11.519Z] > git symbolic-ref --short HEAD [14ms]
[2022-03-12T13:01:11.566Z] > git for-each-ref --format=%(refname)%00%(upstream:short)%00%(objectname)%00%(upstream:track) refs/heads/master refs/remotes/master [10ms]
[2022-03-12T13:01:11.640Z] > git for-each-ref --sort -committerdate --format %(refname) %(objectname) %(*objectname) [44ms]
[2022-03-12T13:01:11.648Z] > git remote --verbose [12ms]
[2022-03-12T13:01:11.740Z] > git config --get commit.template [16ms]
[2022-03-12T13:01:15.338Z] > git ls-files --stage -- /home/sgyriley/hello/pikcls [12ms]
[2022-03-12T13:01:15.383Z] > git cat-file -s e69de29bb2d1d6434b8b29ae775ad8c2e48c5391 [11ms]
[2022-03-12T13:01:17.807Z] > git symbolic-ref --short HEAD [13ms]
[2022-03-12T13:01:17.855Z] > git for-each-ref --format=%(refname)%00%(upstream:short)%00%(objectname)%00%(upstream:track) refs/heads/master refs/remotes/master [13ms]
[2022-03-12T13:01:17.940Z] > git for-each-ref --sort -committerdate --format %(refname) %(objectname) %(*objectname) [48ms]
[2022-03-12T13:01:17.950Z] > git remote --verbose [14ms]
[2022-03-12T13:01:18.028Z] > git config --get commit.template [16ms]
[2022-03-12T13:01:23.264Z] > git symbolic-ref --short HEAD [10ms]
[2022-03-12T13:01:23.305Z] > git for-each-ref --format=%(refname)%00%(upstream:short)%00%(objectname)%00%(upstream:track) refs/heads/master refs/remotes/master [10ms]
[2022-03-12T13:01:23.390Z] > git for-each-ref --sort -committerdate --format %(refname) %(objectname) %(*objectname) [54ms]
[2022-03-12T13:01:23.392Z] > git remote --verbose [23ms]
[2022-03-12T13:01:23.480Z] > git config --get commit.template [12ms]
[2022-03-12T13:01:28.736Z] > git symbolic-ref --short HEAD [13ms]
[2022-03-12T13:01:28.784Z] > git for-each-ref --format=%(refname)%00%(upstream:short)%00%(objectname)%00%(upstream:track) refs/heads/master refs/remotes/master [11ms]
[2022-03-12T13:01:28.866Z] > git for-each-ref --sort -committerdate --format %(refname) %(objectname) %(*objectname) [45ms]
[2022-03-12T13:01:28.874Z] > git remote --verbose [11ms]
[2022-03-12T13:01:28.942Z] > git config --get commit.template [12ms]
[2022-03-12T13:01:34.256Z] > git symbolic-ref --short HEAD [48ms]
[2022-03-12T13:01:34.301Z] > git for-each-ref --format=%(refname)%00%(upstream:short)%00%(objectname)%00%(upstream:track) refs/heads/master refs/remotes/master [9ms]
[2022-03-12T13:01:34.392Z] > git for-each-ref --sort -committerdate --format %(refname) %(objectname) %(*objectname) [50ms]
[2022-03-12T13:01:34.398Z] > git remote --verbose [13ms]
[2022-03-12T13:01:34.468Z] > git config --get commit.template [12ms]
[2022-03-12T13:01:39.710Z] > git symbolic-ref --short HEAD [13ms]
[2022-03-12T13:01:39.752Z] > git for-each-ref --format=%(refname)%00%(upstream:short)%00%(objectname)%00%(upstream:track) refs/heads/master refs/remotes/master [13ms]
[2022-03-12T13:01:39.809Z] > git for-each-ref --sort -committerdate --format %(refname) %(objectname) %(*objectname) [30ms]
[2022-03-12T13:01:39.822Z] > git remote --verbose [15ms]
[2022-03-12T13:01:39.907Z] > git config --get commit.template [13ms]
[2022-03-12T13:01:45.161Z] > git symbolic-ref --short HEAD [11ms]
[2022-03-12T13:01:45.200Z] > git for-each-ref --format=%(refname)%00%(upstream:short)%00%(objectname)%00%(upstream:track) refs/heads/master refs/remotes/master [11ms]
[2022-03-12T13:01:45.278Z] > git for-each-ref --sort -committerdate --format %(refname) %(objectname) %(*objectname) [49ms]
[2022-03-12T13:01:45.284Z] > git remote --verbose [14ms]
[2022-03-12T13:01:45.357Z] > git config --get commit.template [12ms]
[2022-03-12T13:01:50.608Z] > git symbolic-ref --short HEAD [11ms]
[2022-03-12T13:01:50.646Z] > git for-each-ref --format=%(refname)%00%(upstream:short)%00%(objectname)%00%(upstream:track) refs/heads/master refs/remotes/master [9ms]
[2022-03-12T13:01:50.727Z] > git for-each-ref --sort -committerdate --format %(refname) %(objectname) %(*objectname) [50ms]
[2022-03-12T13:01:50.732Z] > git remote --verbose [18ms]
[2022-03-12T13:01:50.798Z] > git config --get commit.template [10ms]
[2022-03-12T13:01:56.125Z] > git symbolic-ref --short HEAD [17ms]
[2022-03-12T13:01:56.184Z] > git for-each-ref --format=%(refname)%00%(upstream:short)%00%(objectname)%00%(upstream:track) refs/heads/master refs/remotes/master [14ms]
[2022-03-12T13:01:56.262Z] > git for-each-ref --sort -committerdate --format %(refname) %(objectname) %(*objectname) [38ms]
[2022-03-12T13:01:56.270Z] > git remote --verbose [15ms]
[2022-03-12T13:01:56.336Z] > git config --get commit.template [11ms]
[2022-03-12T13:02:21.153Z] > git symbolic-ref --short HEAD [12ms]
[2022-03-12T13:02:21.193Z] > git for-each-ref --format=%(refname)%00%(upstream:short)%00%(objectname)%00%(upstream:track) refs/heads/master refs/remotes/master [11ms]
[2022-03-12T13:02:21.264Z] > git for-each-ref --sort -committerdate --format %(refname) %(objectname) %(*objectname) [42ms]
[2022-03-12T13:02:21.272Z] > git remote --verbose [13ms]
[2022-03-12T13:02:21.337Z] > git config --get commit.template [11ms]
[2022-03-12T13:02:26.590Z] > git symbolic-ref --short HEAD [14ms]
[2022-03-12T13:02:26.629Z] > git for-each-ref --format=%(refname)%00%(upstream:short)%00%(objectname)%00%(upstream:track) refs/heads/master refs/remotes/master [9ms]
[2022-03-12T13:02:26.697Z] > git for-each-ref --sort -committerdate --format %(refname) %(objectname) %(*objectname) [38ms]
[2022-03-12T13:02:26.709Z] > git remote --verbose [15ms]
[2022-03-12T13:02:26.786Z] > git config --get commit.template [22ms]
[2022-03-12T13:02:32.046Z] > git symbolic-ref --short HEAD [12ms]
[2022-03-12T13:02:32.090Z] > git for-each-ref --format=%(refname)%00%(upstream:short)%00%(objectname)%00%(upstream:track) refs/heads/master refs/remotes/master [9ms]
[2022-03-12T13:02:32.171Z] > git for-each-ref --sort -committerdate --format %(refname) %(objectname) %(*objectname) [46ms]
[2022-03-12T13:02:32.179Z] > git remote --verbose [13ms]
[2022-03-12T13:02:32.248Z] > git config --get commit.template [10ms]
[2022-03-12T13:02:37.529Z] > git symbolic-ref --short HEAD [12ms]
[2022-03-12T13:02:37.578Z] > git for-each-ref --format=%(refname)%00%(upstream:short)%00%(objectname)%00%(upstream:track) refs/heads/master refs/remotes/master [12ms]
[2022-03-12T13:02:37.660Z] > git for-each-ref --sort -committerdate --format %(refname) %(objectname) %(*objectname) [45ms]
[2022-03-12T13:02:37.668Z] > git remote --verbose [11ms]
[2022-03-12T13:02:37.746Z] > git config --get commit.template [19ms]
[2022-03-12T13:02:46.027Z] > git symbolic-ref --short HEAD [14ms]
[2022-03-12T13:02:46.073Z] > git for-each-ref --format=%(refname)%00%(upstream:short)%00%(objectname)%00%(upstream:track) refs/heads/master refs/remotes/master [12ms]
[2022-03-12T13:02:46.156Z] > git for-each-ref --sort -committerdate --format %(refname) %(objectname) %(*objectname) [47ms]
[2022-03-12T13:02:46.164Z] > git remote --verbose [12ms]
[2022-03-12T13:02:46.278Z] > git config --get commit.template [58ms]
[2022-03-12T13:02:51.524Z] > git symbolic-ref --short HEAD [11ms]
[2022-03-12T13:02:51.563Z] > git for-each-ref --format=%(refname)%00%(upstream:short)%00%(objectname)%00%(upstream:track) refs/heads/master refs/remotes/master [10ms]
[2022-03-12T13:02:51.621Z] > git for-each-ref --sort -committerdate --format %(refname) %(objectname) %(*objectname) [30ms]
[2022-03-12T13:02:51.639Z] > git remote --verbose [20ms]
[2022-03-12T13:02:51.706Z] > git config --get commit.template [11ms]
[2022-03-12T13:02:56.948Z] > git symbolic-ref --short HEAD [11ms]
[2022-03-12T13:02:56.988Z] > git for-each-ref --format=%(refname)%00%(upstream:short)%00%(objectname)%00%(upstream:track) refs/heads/master refs/remotes/master [11ms]
[2022-03-12T13:02:57.054Z] > git for-each-ref --sort -committerdate --format %(refname) %(objectname) %(*objectname) [37ms]
[2022-03-12T13:02:57.062Z] > git remote --verbose [12ms]
[2022-03-12T13:02:57.143Z] > git config --get commit.template [15ms]
[2022-03-12T13:03:02.400Z] > git symbolic-ref --short HEAD [11ms]
[2022-03-12T13:03:02.437Z] > git for-each-ref --format=%(refname)%00%(upstream:short)%00%(objectname)%00%(upstream:track) refs/heads/master refs/remotes/master [9ms]
[2022-03-12T13:03:02.504Z] > git for-each-ref --sort -committerdate --format %(refname) %(objectname) %(*objectname) [38ms]
[2022-03-12T13:03:02.517Z] > git remote --verbose [17ms]
[2022-03-12T13:03:02.605Z] > git config --get commit.template [19ms]
[2022-03-12T13:03:07.948Z] > git symbolic-ref --short HEAD [22ms]
[2022-03-12T13:03:07.988Z] > git for-each-ref --format=%(refname)%00%(upstream:short)%00%(objectname)%00%(upstream:track) refs/heads/master refs/remotes/master [9ms]
[2022-03-12T13:03:08.057Z] > git for-each-ref --sort -committerdate --format %(refname) %(objectname) %(*objectname) [38ms]
[2022-03-12T13:03:08.064Z] > git remote --verbose [11ms]
[2022-03-12T13:03:08.142Z] > git config --get commit.template [14ms]
[2022-03-12T13:03:13.395Z] > git symbolic-ref --short HEAD [11ms]
[2022-03-12T13:03:13.434Z] > git for-each-ref --format=%(refname)%00%(upstream:short)%00%(objectname)%00%(upstream:track) refs/heads/master refs/remotes/master [10ms]
[2022-03-12T13:03:13.503Z] > git for-each-ref --sort -committerdate --format %(refname) %(objectname) %(*objectname) [37ms]
[2022-03-12T13:03:13.513Z] > git remote --verbose [16ms]
[2022-03-12T13:03:13.591Z] > git config --get commit.template [12ms]
[2022-03-12T13:03:18.837Z] > git symbolic-ref --short HEAD [11ms]
[2022-03-12T13:03:18.877Z] > git for-each-ref --format=%(refname)%00%(upstream:short)%00%(objectname)%00%(upstream:track) refs/heads/master refs/remotes/master [9ms]
[2022-03-12T13:03:18.954Z] > git for-each-ref --sort -committerdate --format %(refname) %(objectname) %(*objectname) [47ms]
[2022-03-12T13:03:18.960Z] > git remote --verbose [18ms]
[2022-03-12T13:03:19.035Z] > git config --get commit.template [10ms]
[2022-03-12T13:03:24.274Z] > git symbolic-ref --short HEAD [12ms]
[2022-03-12T13:03:24.313Z] > git for-each-ref --format=%(refname)%00%(upstream:short)%00%(objectname)%00%(upstream:track) refs/heads/master refs/remotes/master [11ms]
[2022-03-12T13:03:24.396Z] > git for-each-ref --sort -committerdate --format %(refname) %(objectname) %(*objectname) [47ms]
[2022-03-12T13:03:24.404Z] > git remote --verbose [14ms]
[2022-03-12T13:03:24.484Z] > git config --get commit.template [21ms]
[2022-03-12T13:03:29.749Z] > git symbolic-ref --short HEAD [11ms]
[2022-03-12T13:03:29.788Z] > git for-each-ref --format=%(refname)%00%(upstream:short)%00%(objectname)%00%(upstream:track) refs/heads/master refs/remotes/master [10ms]
[2022-03-12T13:03:29.852Z] > git for-each-ref --sort -committerdate --format %(refname) %(objectname) %(*objectname) [32ms]
[2022-03-12T13:03:29.867Z] > git remote --verbose [17ms]
[2022-03-12T13:03:29.932Z] > git config --get commit.template [13ms]
[2022-03-12T13:03:35.214Z] > git symbolic-ref --short HEAD [11ms]
[2022-03-12T13:03:35.256Z] > git for-each-ref --format=%(refname)%00%(upstream:short)%00%(objectname)%00%(upstream:track) refs/heads/master refs/remotes/master [11ms]
[2022-03-12T13:03:35.328Z] > git for-each-ref --sort -committerdate --format %(refname) %(objectname) %(*objectname) [40ms]
[2022-03-12T13:03:35.339Z] > git remote --verbose [14ms]
[2022-03-12T13:03:35.401Z] > git config --get commit.template [11ms]
[2022-03-12T13:03:40.682Z] > git symbolic-ref --short HEAD [17ms]
[2022-03-12T13:03:40.735Z] > git for-each-ref --format=%(refname)%00%(upstream:short)%00%(objectname)%00%(upstream:track) refs/heads/master refs/remotes/master [17ms]
[2022-03-12T13:03:40.825Z] > git for-each-ref --sort -committerdate --format %(refname) %(objectname) %(*objectname) [45ms]
[2022-03-12T13:03:40.834Z] > git remote --verbose [13ms]
[2022-03-12T13:03:40.928Z] > git config --get commit.template [11ms]
[2022-03-12T13:03:46.202Z] > git symbolic-ref --short HEAD [12ms]
[2022-03-12T13:03:46.250Z] > git for-each-ref --format=%(refname)%00%(upstream:short)%00%(objectname)%00%(upstream:track) refs/heads/master refs/remotes/master [10ms]
[2022-03-12T13:03:46.325Z] > git for-each-ref --sort -committerdate --format %(refname) %(objectname) %(*objectname) [44ms]
[2022-03-12T13:03:46.334Z] > git remote --verbose [14ms]
[2022-03-12T13:03:46.410Z] > git config --get commit.template [13ms]
[2022-03-12T13:03:51.701Z] > git symbolic-ref --short HEAD [14ms]
[2022-03-12T13:03:51.757Z] > git for-each-ref --format=%(refname)%00%(upstream:short)%00%(objectname)%00%(upstream:track) refs/heads/master refs/remotes/master [12ms]
[2022-03-12T13:03:51.848Z] > git for-each-ref --sort -committerdate --format %(refname) %(objectname) %(*objectname) [47ms]
[2022-03-12T13:03:51.859Z] > git remote --verbose [14ms]
[2022-03-12T13:03:51.923Z] > git config --get commit.template [10ms]
[2022-03-12T13:03:57.994Z] > git symbolic-ref --short HEAD [14ms]
[2022-03-12T13:03:58.040Z] > git for-each-ref --format=%(refname)%00%(upstream:short)%00%(objectname)%00%(upstream:track) refs/heads/master refs/remotes/master [13ms]
[2022-03-12T13:03:58.131Z] > git for-each-ref --sort -committerdate --format %(refname) %(objectname) %(*objectname) [53ms]
[2022-03-12T13:03:58.140Z] > git remote --verbose [12ms]
[2022-03-12T13:03:58.218Z] > git config --get commit.template [15ms]
[2022-03-12T13:04:04.277Z] > git symbolic-ref --short HEAD [13ms]
[2022-03-12T13:04:04.404Z] > git for-each-ref --format=%(refname)%00%(upstream:short)%00%(objectname)%00%(upstream:track) refs/heads/master refs/remotes/master [97ms]
[2022-03-12T13:04:04.641Z] > git for-each-ref --sort -committerdate --format %(refname) %(objectname) %(*objectname) [107ms]
[2022-03-12T13:04:04.650Z] > git remote --verbose [16ms]
[2022-03-12T13:04:05.755Z] > git config --get commit.template [989ms]
[2022-03-12T13:04:19.001Z] > git symbolic-ref --short HEAD [13ms]
[2022-03-12T13:04:19.043Z] > git for-each-ref --format=%(refname)%00%(upstream:short)%00%(objectname)%00%(upstream:track) refs/heads/master refs/remotes/master [11ms]
[2022-03-12T13:04:19.123Z] > git for-each-ref --sort -committerdate --format %(refname) %(objectname) %(*objectname) [50ms]
[2022-03-12T13:04:19.138Z] > git remote --verbose [19ms]
[2022-03-12T13:04:19.208Z] > git config --get commit.template [9ms]
[2022-03-12T13:04:24.485Z] > git symbolic-ref --short HEAD [13ms]
[2022-03-12T13:04:24.525Z] > git for-each-ref --format=%(refname)%00%(upstream:short)%00%(objectname)%00%(upstream:track) refs/heads/master refs/remotes/master [10ms]
[2022-03-12T13:04:24.601Z] > git for-each-ref --sort -committerdate --format %(refname) %(objectname) %(*objectname) [43ms]
[2022-03-12T13:04:24.610Z] > git remote --verbose [13ms]
[2022-03-12T13:04:24.684Z] > git config --get commit.template [18ms]
[2022-03-12T13:04:38.390Z] > git symbolic-ref --short HEAD [12ms]
[2022-03-12T13:04:38.434Z] > git for-each-ref --format=%(refname)%00%(upstream:short)%00%(objectname)%00%(upstream:track) refs/heads/master refs/remotes/master [11ms]
[2022-03-12T13:04:38.507Z] > git for-each-ref --sort -committerdate --format %(refname) %(objectname) %(*objectname) [40ms]
[2022-03-12T13:04:38.516Z] > git remote --verbose [12ms]
[2022-03-12T13:04:38.586Z] > git config --get commit.template [13ms]
[2022-03-12T13:04:52.173Z] > git symbolic-ref --short HEAD [13ms]
[2022-03-12T13:04:52.213Z] > git for-each-ref --format=%(refname)%00%(upstream:short)%00%(objectname)%00%(upstream:track) refs/heads/master refs/remotes/master [10ms]
[2022-03-12T13:04:52.288Z] > git for-each-ref --sort -committerdate --format %(refname) %(objectname) %(*objectname) [42ms]
[2022-03-12T13:04:52.296Z] > git remote --verbose [11ms]
[2022-03-12T13:04:52.361Z] > git config --get commit.template [11ms]
[2022-03-12T13:04:57.622Z] > git symbolic-ref --short HEAD [15ms]
[2022-03-12T13:04:57.663Z] > git for-each-ref --format=%(refname)%00%(upstream:short)%00%(objectname)%00%(upstream:track) refs/heads/master refs/remotes/master [11ms]
[2022-03-12T13:04:57.727Z] > git for-each-ref --sort -committerdate --format %(refname) %(objectname) %(*objectname) [32ms]
[2022-03-12T13:04:57.740Z] > git remote --verbose [16ms]
[2022-03-12T13:04:57.811Z] > git config --get commit.template [12ms]
[2022-03-12T13:05:03.108Z] > git symbolic-ref --short HEAD [13ms]
[2022-03-12T13:05:03.161Z] > git for-each-ref --format=%(refname)%00%(upstream:short)%00%(objectname)%00%(upstream:track) refs/heads/master refs/remotes/master [13ms]
[2022-03-12T13:05:03.248Z] > git for-each-ref --sort -committerdate --format %(refname) %(objectname) %(*objectname) [40ms]
[2022-03-12T13:05:03.256Z] > git remote --verbose [11ms]
[2022-03-12T13:05:03.325Z] > git config --get commit.template [12ms]
[2022-03-12T13:05:08.607Z] > git symbolic-ref --short HEAD [15ms]
[2022-03-12T13:05:08.659Z] > git for-each-ref --format=%(refname)%00%(upstream:short)%00%(objectname)%00%(upstream:track) refs/heads/master refs/remotes/master [13ms]
[2022-03-12T13:05:08.753Z] > git for-each-ref --sort -committerdate --format %(refname) %(objectname) %(*objectname) [50ms]
[2022-03-12T13:05:08.763Z] > git remote --verbose [14ms]
[2022-03-12T13:05:08.852Z] > git config --get commit.template [12ms]
[2022-03-12T13:05:14.104Z] > git symbolic-ref --short HEAD [12ms]
[2022-03-12T13:05:14.150Z] > git for-each-ref --format=%(refname)%00%(upstream:short)%00%(objectname)%00%(upstream:track) refs/heads/master refs/remotes/master [10ms]
[2022-03-12T13:05:14.224Z] > git for-each-ref --sort -committerdate --format %(refname) %(objectname) %(*objectname) [40ms]
[2022-03-12T13:05:14.234Z] > git remote --verbose [13ms]
[2022-03-12T13:05:14.315Z] > git config --get commit.template [14ms]
[2022-03-12T13:05:19.603Z] > git symbolic-ref --short HEAD [12ms]
[2022-03-12T13:05:19.827Z] > git for-each-ref --format=%(refname)%00%(upstream:short)%00%(objectname)%00%(upstream:track) refs/heads/master refs/remotes/master [48ms]
[2022-03-12T13:05:19.962Z] > git for-each-ref --sort -committerdate --format %(refname) %(objectname) %(*objectname) [68ms]
[2022-03-12T13:05:19.975Z] > git remote --verbose [19ms]
[2022-03-12T13:05:20.958Z] > git config --get commit.template [905ms]
[2022-03-12T13:05:35.582Z] > git symbolic-ref --short HEAD [20ms]
[2022-03-12T13:05:35.640Z] > git for-each-ref --format=%(refname)%00%(upstream:short)%00%(objectname)%00%(upstream:track) refs/heads/master refs/remotes/master [18ms]
[2022-03-12T13:05:35.730Z] > git for-each-ref --sort -committerdate --format %(refname) %(objectname) %(*objectname) [51ms]
[2022-03-12T13:05:35.742Z] > git remote --verbose [17ms]
[2022-03-12T13:05:35.829Z] > git config --get commit.template [15ms]
[2022-03-12T13:05:41.172Z] > git symbolic-ref --short HEAD [15ms]
[2022-03-12T13:05:41.246Z] > git for-each-ref --format=%(refname)%00%(upstream:short)%00%(objectname)%00%(upstream:track) refs/heads/master refs/remotes/master [22ms]
[2022-03-12T13:05:41.325Z] > git for-each-ref --sort -committerdate --format %(refname) %(objectname) %(*objectname) [44ms]
[2022-03-12T13:05:41.333Z] > git remote --verbose [14ms]
[2022-03-12T13:05:41.426Z] > git config --get commit.template [14ms]
[2022-03-12T13:05:46.734Z] > git symbolic-ref --short HEAD [15ms]
[2022-03-12T13:05:46.788Z] > git for-each-ref --format=%(refname)%00%(upstream:short)%00%(objectname)%00%(upstream:track) refs/heads/master refs/remotes/master [16ms]
[2022-03-12T13:05:46.870Z] > git for-each-ref --sort -committerdate --format %(refname) %(objectname) %(*objectname) [42ms]
[2022-03-12T13:05:46.881Z] > git remote --verbose [15ms]
[2022-03-12T13:05:48.200Z] > git config --get commit.template [1217ms]
[2022-03-12T13:05:53.637Z] > git symbolic-ref --short HEAD [15ms]
[2022-03-12T13:05:53.683Z] > git for-each-ref --format=%(refname)%00%(upstream:short)%00%(objectname)%00%(upstream:track) refs/heads/master refs/remotes/master [13ms]
[2022-03-12T13:05:53.765Z] > git for-each-ref --sort -committerdate --format %(refname) %(objectname) %(*objectname) [44ms]
[2022-03-12T13:05:53.774Z] > git remote --verbose [14ms]
[2022-03-12T13:05:53.855Z] > git config --get commit.template [13ms]
[2022-03-12T13:05:59.156Z] > git symbolic-ref --short HEAD [14ms]
[2022-03-12T13:05:59.203Z] > git for-each-ref --format=%(refname)%00%(upstream:short)%00%(objectname)%00%(upstream:track) refs/heads/master refs/remotes/master [13ms]
[2022-03-12T13:05:59.287Z] > git for-each-ref --sort -committerdate --format %(refname) %(objectname) %(*objectname) [45ms]
[2022-03-12T13:05:59.298Z] > git remote --verbose [15ms]
[2022-03-12T13:05:59.377Z] > git config --get commit.template [15ms]
[2022-03-12T13:06:04.674Z] > git symbolic-ref --short HEAD [15ms]
[2022-03-12T13:06:04.721Z] > git for-each-ref --format=%(refname)%00%(upstream:short)%00%(objectname)%00%(upstream:track) refs/heads/master refs/remotes/master [12ms]
[2022-03-12T13:06:04.815Z] > git for-each-ref --sort -committerdate --format %(refname) %(objectname) %(*objectname) [49ms]
[2022-03-12T13:06:04.824Z] > git remote --verbose [16ms]
[2022-03-12T13:06:04.930Z] > git config --get commit.template [18ms]
[2022-03-12T13:07:04.083Z] > git symbolic-ref --short HEAD [15ms]
[2022-03-12T13:07:04.141Z] > git for-each-ref --format=%(refname)%00%(upstream:short)%00%(objectname)%00%(upstream:track) refs/heads/master refs/remotes/master [13ms]
[2022-03-12T13:07:04.231Z] > git for-each-ref --sort -committerdate --format %(refname) %(objectname) %(*objectname) [46ms]
[2022-03-12T13:07:04.235Z] > git remote --verbose [15ms]
[2022-03-12T13:07:04.388Z] > git config --get commit.template [78ms]
[2022-03-12T13:07:09.657Z] > git symbolic-ref --short HEAD [12ms]
[2022-03-12T13:07:09.698Z] > git for-each-ref --format=%(refname)%00%(upstream:short)%00%(objectname)%00%(upstream:track) refs/heads/master refs/remotes/master [14ms]
[2022-03-12T13:07:09.768Z] > git for-each-ref --sort -committerdate --format %(refname) %(objectname) %(*objectname) [38ms]
[2022-03-12T13:07:09.779Z] > git remote --verbose [16ms]
[2022-03-12T13:07:09.845Z] > git config --get commit.template [11ms]
[2022-03-12T13:07:17.047Z] > git symbolic-ref --short HEAD [13ms]
[2022-03-12T13:07:17.089Z] > git for-each-ref --format=%(refname)%00%(upstream:short)%00%(objectname)%00%(upstream:track) refs/heads/master refs/remotes/master [12ms]
[2022-03-12T13:07:17.169Z] > git for-each-ref --sort -committerdate --format %(refname) %(objectname) %(*objectname) [44ms]
[2022-03-12T13:07:17.176Z] > git remote --verbose [11ms]
[2022-03-12T13:07:17.253Z] > git config --get commit.template [12ms]
[2022-03-12T13:07:22.623Z] > git symbolic-ref --short HEAD [17ms]
[2022-03-12T13:07:22.671Z] > git for-each-ref --format=%(refname)%00%(upstream:short)%00%(objectname)%00%(upstream:track) refs/heads/master refs/remotes/master [13ms]
[2022-03-12T13:07:22.740Z] > git for-each-ref --sort -committerdate --format %(refname) %(objectname) %(*objectname) [39ms]
[2022-03-12T13:07:22.752Z] > git remote --verbose [16ms]
[2022-03-12T13:07:22.828Z] > git config --get commit.template [17ms]
[2022-03-12T13:07:28.115Z] > git symbolic-ref --short HEAD [14ms]
[2022-03-12T13:07:28.158Z] > git for-each-ref --format=%(refname)%00%(upstream:short)%00%(objectname)%00%(upstream:track) refs/heads/master refs/remotes/master [12ms]
[2022-03-12T13:07:28.239Z] > git for-each-ref --sort -committerdate --format %(refname) %(objectname) %(*objectname) [42ms]
[2022-03-12T13:07:28.247Z] > git remote --verbose [12ms]
[2022-03-12T13:07:28.336Z] > git config --get commit.template [13ms]
[2022-03-12T13:07:33.749Z] > git symbolic-ref --short HEAD [13ms]
[2022-03-12T13:07:33.808Z] > git for-each-ref --format=%(refname)%00%(upstream:short)%00%(objectname)%00%(upstream:track) refs/heads/master refs/remotes/master [21ms]
[2022-03-12T13:07:33.888Z] > git for-each-ref --sort -committerdate --format %(refname) %(objectname) %(*objectname) [44ms]
[2022-03-12T13:07:33.896Z] > git remote --verbose [13ms]
[2022-03-12T13:07:33.971Z] > git config --get commit.template [14ms]
[2022-03-12T13:07:39.366Z] > git symbolic-ref --short HEAD [12ms]
[2022-03-12T13:07:39.409Z] > git for-each-ref --format=%(refname)%00%(upstream:short)%00%(objectname)%00%(upstream:track) refs/heads/master refs/remotes/master [12ms]
[2022-03-12T13:07:39.518Z] > git for-each-ref --sort -committerdate --format %(refname) %(objectname) %(*objectname) [70ms]
[2022-03-12T13:07:39.533Z] > git remote --verbose [21ms]
[2022-03-12T13:07:39.636Z] > git config --get commit.template [18ms]
[2022-03-12T13:07:45.933Z] > git symbolic-ref --short HEAD [15ms]
[2022-03-12T13:07:45.979Z] > git for-each-ref --format=%(refname)%00%(upstream:short)%00%(objectname)%00%(upstream:track) refs/heads/master refs/remotes/master [13ms]
[2022-03-12T13:07:46.050Z] > git for-each-ref --sort -committerdate --format %(refname) %(objectname) %(*objectname) [39ms]
[2022-03-12T13:07:46.061Z] > git remote --verbose [14ms]
[2022-03-12T13:07:46.146Z] > git config --get commit.template [13ms]
[2022-03-12T13:07:51.405Z] > git symbolic-ref --short HEAD [12ms]
[2022-03-12T13:07:51.448Z] > git for-each-ref --format=%(refname)%00%(upstream:short)%00%(objectname)%00%(upstream:track) refs/heads/master refs/remotes/master [13ms]
[2022-03-12T13:07:51.511Z] > git for-each-ref --sort -committerdate --format %(refname) %(objectname) %(*objectname) [35ms]
[2022-03-12T13:07:51.520Z] > git remote --verbose [11ms]
[2022-03-12T13:07:51.598Z] > git config --get commit.template [12ms]
[2022-03-12T13:07:56.864Z] > git symbolic-ref --short HEAD [13ms]
[2022-03-12T13:07:56.903Z] > git for-each-ref --format=%(refname)%00%(upstream:short)%00%(objectname)%00%(upstream:track) refs/heads/master refs/remotes/master [9ms]
[2022-03-12T13:07:57.001Z] > git for-each-ref --sort -committerdate --format %(refname) %(objectname) %(*objectname) [58ms]
[2022-03-12T13:07:57.008Z] > git remote --verbose [17ms]
[2022-03-12T13:07:57.111Z] > git config --get commit.template [22ms]
[2022-03-12T13:08:02.376Z] > git symbolic-ref --short HEAD [17ms]
[2022-03-12T13:08:02.416Z] > git for-each-ref --format=%(refname)%00%(upstream:short)%00%(objectname)%00%(upstream:track) refs/heads/master refs/remotes/master [12ms]
[2022-03-12T13:08:02.491Z] > git for-each-ref --sort -committerdate --format %(refname) %(objectname) %(*objectname) [42ms]
[2022-03-12T13:08:02.502Z] > git remote --verbose [16ms]
[2022-03-12T13:08:02.588Z] > git config --get commit.template [12ms]
[2022-03-12T13:08:07.870Z] > git symbolic-ref --short HEAD [13ms]
[2022-03-12T13:08:07.921Z] > git for-each-ref --format=%(refname)%00%(upstream:short)%00%(objectname)%00%(upstream:track) refs/heads/master refs/remotes/master [14ms]
[2022-03-12T13:08:08.007Z] > git for-each-ref --sort -committerdate --format %(refname) %(objectname) %(*objectname) [45ms]
[2022-03-12T13:08:08.016Z] > git remote --verbose [13ms]
[2022-03-12T13:08:08.092Z] > git config --get commit.template [16ms]
[2022-03-12T13:08:13.422Z] > git symbolic-ref --short HEAD [15ms]
[2022-03-12T13:08:13.468Z] > git for-each-ref --format=%(refname)%00%(upstream:short)%00%(objectname)%00%(upstream:track) refs/heads/master refs/remotes/master [16ms]
[2022-03-12T13:08:13.542Z] > git for-each-ref --sort -committerdate --format %(refname) %(objectname) %(*objectname) [37ms]
[2022-03-12T13:08:13.553Z] > git remote --verbose [14ms]
[2022-03-12T13:08:13.629Z] > git config --get commit.template [12ms]
[2022-03-12T13:08:18.917Z] > git symbolic-ref --short HEAD [13ms]
[2022-03-12T13:08:18.959Z] > git for-each-ref --format=%(refname)%00%(upstream:short)%00%(objectname)%00%(upstream:track) refs/heads/master refs/remotes/master [12ms]
[2022-03-12T13:08:19.034Z] > git for-each-ref --sort -committerdate --format %(refname) %(objectname) %(*objectname) [46ms]
[2022-03-12T13:08:19.042Z] > git remote --verbose [18ms]
[2022-03-12T13:08:19.123Z] > git config --get commit.template [15ms]
[2022-03-12T13:08:24.401Z] > git symbolic-ref --short HEAD [14ms]
[2022-03-12T13:08:24.443Z] > git for-each-ref --format=%(refname)%00%(upstream:short)%00%(objectname)%00%(upstream:track) refs/heads/master refs/remotes/master [11ms]
[2022-03-12T13:08:24.517Z] > git for-each-ref --sort -committerdate --format %(refname) %(objectname) %(*objectname) [45ms]
[2022-03-12T13:08:24.525Z] > git remote --verbose [13ms]
[2022-03-12T13:08:24.604Z] > git config --get commit.template [14ms]
[2022-03-12T13:08:34.548Z] > git symbolic-ref --short HEAD [12ms]
[2022-03-12T13:08:34.592Z] > git for-each-ref --format=%(refname)%00%(upstream:short)%00%(objectname)%00%(upstream:track) refs/heads/master refs/remotes/master [13ms]
[2022-03-12T13:08:34.664Z] > git for-each-ref --sort -committerdate --format %(refname) %(objectname) %(*objectname) [40ms]
[2022-03-12T13:08:34.672Z] > git remote --verbose [12ms]
[2022-03-12T13:08:34.742Z] > git config --get commit.template [11ms]
[2022-03-12T13:08:39.990Z] > git symbolic-ref --short HEAD [12ms]
[2022-03-12T13:08:40.027Z] > git for-each-ref --format=%(refname)%00%(upstream:short)%00%(objectname)%00%(upstream:track) refs/heads/master refs/remotes/master [11ms]
[2022-03-12T13:08:40.088Z] > git for-each-ref --sort -committerdate --format %(refname) %(objectname) %(*objectname) [31ms]
[2022-03-12T13:08:40.101Z] > git remote --verbose [14ms]
[2022-03-12T13:08:40.193Z] > git config --get commit.template [14ms]
[2022-03-12T13:08:45.481Z] > git symbolic-ref --short HEAD [16ms]
[2022-03-12T13:08:45.540Z] > git for-each-ref --format=%(refname)%00%(upstream:short)%00%(objectname)%00%(upstream:track) refs/heads/master refs/remotes/master [14ms]
[2022-03-12T13:08:45.643Z] > git for-each-ref --sort -committerdate --format %(refname) %(objectname) %(*objectname) [51ms]
[2022-03-12T13:08:45.652Z] > git remote --verbose [13ms]
[2022-03-12T13:08:45.741Z] > git config --get commit.template [13ms]
[2022-03-12T13:08:51.015Z] > git symbolic-ref --short HEAD [19ms]
[2022-03-12T13:08:51.062Z] > git for-each-ref --format=%(refname)%00%(upstream:short)%00%(objectname)%00%(upstream:track) refs/heads/master refs/remotes/master [14ms]
[2022-03-12T13:08:51.152Z] > git for-each-ref --sort -committerdate --format %(refname) %(objectname) %(*objectname) [56ms]
[2022-03-12T13:08:51.161Z] > git remote --verbose [14ms]
[2022-03-12T13:08:51.254Z] > git config --get commit.template [12ms]
[2022-03-12T13:08:56.637Z] > git symbolic-ref --short HEAD [20ms]
[2022-03-12T13:08:56.721Z] > git for-each-ref --format=%(refname)%00%(upstream:short)%00%(objectname)%00%(upstream:track) refs/heads/master refs/remotes/master [19ms]
[2022-03-12T13:08:56.852Z] > git for-each-ref --sort -committerdate --format %(refname) %(objectname) %(*objectname) [66ms]
[2022-03-12T13:08:56.862Z] > git remote --verbose [16ms]
[2022-03-12T13:08:56.948Z] > git config --get commit.template [13ms]
[2022-03-12T13:09:02.637Z] > git symbolic-ref --short HEAD [21ms]
[2022-03-12T13:09:02.713Z] > git for-each-ref --format=%(refname)%00%(upstream:short)%00%(objectname)%00%(upstream:track) refs/heads/master refs/remotes/master [13ms]
[2022-03-12T13:09:02.809Z] > git for-each-ref --sort -committerdate --format %(refname) %(objectname) %(*objectname) [52ms]
[2022-03-12T13:09:02.819Z] > git remote --verbose [14ms]
[2022-03-12T13:09:04.334Z] > git config --get commit.template [1405ms]
[2022-03-12T13:09:19.918Z] > git symbolic-ref --short HEAD [14ms]
[2022-03-12T13:09:19.962Z] > git for-each-ref --format=%(refname)%00%(upstream:short)%00%(objectname)%00%(upstream:track) refs/heads/master refs/remotes/master [13ms]
[2022-03-12T13:09:20.038Z] > git for-each-ref --sort -committerdate --format %(refname) %(objectname) %(*objectname) [36ms]
[2022-03-12T13:09:20.052Z] > git remote --verbose [17ms]
[2022-03-12T13:09:20.160Z] > git config --get commit.template [18ms]
