[2022-03-12T12:07:35.908Z] git에서 찾은 git 유효성을 검사하는 중
[2022-03-12T12:07:36.049Z] git에서 git 2.25.1을(를) 사용하는 중
[2022-03-12T12:23:15.077Z] > git rev-parse --git-dir [9ms]
[2022-03-12T12:23:15.093Z] Open repository: /home/sgyriley
[2022-03-12T12:23:15.832Z] > git symbolic-ref --short HEAD [11ms]
[2022-03-12T12:23:15.866Z] > git for-each-ref --format=%(refname)%00%(upstream:short)%00%(objectname)%00%(upstream:track) refs/heads/master refs/remotes/master [12ms]
[2022-03-12T12:23:15.913Z] > git for-each-ref --sort -committerdate --format %(refname) %(objectname) %(*objectname) [27ms]
[2022-03-12T12:23:15.920Z] > git remote --verbose [11ms]
[2022-03-12T12:23:17.853Z] > git config --get commit.template [1819ms]
[2022-03-12T12:23:23.738Z] > git symbolic-ref --short HEAD [16ms]
[2022-03-12T12:23:23.792Z] > git for-each-ref --format=%(refname)%00%(upstream:short)%00%(objectname)%00%(upstream:track) refs/heads/master refs/remotes/master [14ms]
[2022-03-12T12:23:23.849Z] > git for-each-ref --sort -committerdate --format %(refname) %(objectname) %(*objectname) [31ms]
[2022-03-12T12:23:23.856Z] > git remote --verbose [11ms]
[2022-03-12T12:23:24.921Z] > git config --get commit.template [966ms]
[2022-03-12T12:23:30.356Z] > git symbolic-ref --short HEAD [13ms]
[2022-03-12T12:23:30.393Z] > git for-each-ref --format=%(refname)%00%(upstream:short)%00%(objectname)%00%(upstream:track) refs/heads/master refs/remotes/master [12ms]
[2022-03-12T12:23:30.446Z] > git for-each-ref --sort -committerdate --format %(refname) %(objectname) %(*objectname) [28ms]
[2022-03-12T12:23:30.456Z] > git remote --verbose [12ms]
[2022-03-12T12:23:30.562Z] > git config --get commit.template [12ms]
[2022-03-12T12:24:43.210Z] > git symbolic-ref --short HEAD [12ms]
[2022-03-12T12:24:43.247Z] > git for-each-ref --format=%(refname)%00%(upstream:short)%00%(objectname)%00%(upstream:track) refs/heads/master refs/remotes/master [10ms]
[2022-03-12T12:24:43.315Z] > git for-each-ref --sort -committerdate --format %(refname) %(objectname) %(*objectname) [38ms]
[2022-03-12T12:24:43.325Z] > git remote --verbose [14ms]
[2022-03-12T12:24:43.424Z] > git config --get commit.template [11ms]
[2022-03-12T12:24:48.810Z] > git symbolic-ref --short HEAD [16ms]
[2022-03-12T12:24:48.848Z] > git for-each-ref --format=%(refname)%00%(upstream:short)%00%(objectname)%00%(upstream:track) refs/heads/master refs/remotes/master [12ms]
[2022-03-12T12:24:48.910Z] > git for-each-ref --sort -committerdate --format %(refname) %(objectname) %(*objectname) [36ms]
[2022-03-12T12:24:48.917Z] > git remote --verbose [13ms]
[2022-03-12T12:24:49.003Z] > git config --get commit.template [17ms]
[2022-03-12T12:24:54.435Z] > git symbolic-ref --short HEAD [17ms]
[2022-03-12T12:24:54.486Z] > git for-each-ref --format=%(refname)%00%(upstream:short)%00%(objectname)%00%(upstream:track) refs/heads/master refs/remotes/master [13ms]
[2022-03-12T12:24:54.551Z] > git for-each-ref --sort -committerdate --format %(refname) %(objectname) %(*objectname) [36ms]
[2022-03-12T12:24:54.559Z] > git remote --verbose [12ms]
[2022-03-12T12:24:54.632Z] > git config --get commit.template [19ms]
[2022-03-12T12:25:00.005Z] > git symbolic-ref --short HEAD [14ms]
[2022-03-12T12:25:00.051Z] > git for-each-ref --format=%(refname)%00%(upstream:short)%00%(objectname)%00%(upstream:track) refs/heads/master refs/remotes/master [9ms]
[2022-03-12T12:25:00.116Z] > git for-each-ref --sort -committerdate --format %(refname) %(objectname) %(*objectname) [37ms]
[2022-03-12T12:25:00.130Z] > git remote --verbose [16ms]
[2022-03-12T12:25:00.201Z] > git config --get commit.template [11ms]
[2022-03-12T12:25:09.591Z] > git symbolic-ref --short HEAD [12ms]
[2022-03-12T12:25:09.632Z] > git for-each-ref --format=%(refname)%00%(upstream:short)%00%(objectname)%00%(upstream:track) refs/heads/master refs/remotes/master [12ms]
[2022-03-12T12:25:09.698Z] > git for-each-ref --sort -committerdate --format %(refname) %(objectname) %(*objectname) [37ms]
[2022-03-12T12:25:09.706Z] > git remote --verbose [12ms]
[2022-03-12T12:25:09.786Z] > git config --get commit.template [12ms]
[2022-03-12T12:25:15.191Z] > git symbolic-ref --short HEAD [22ms]
[2022-03-12T12:25:15.232Z] > git for-each-ref --format=%(refname)%00%(upstream:short)%00%(objectname)%00%(upstream:track) refs/heads/master refs/remotes/master [11ms]
[2022-03-12T12:25:15.299Z] > git for-each-ref --sort -committerdate --format %(refname) %(objectname) %(*objectname) [36ms]
[2022-03-12T12:25:15.308Z] > git remote --verbose [12ms]
[2022-03-12T12:25:15.396Z] > git config --get commit.template [15ms]
[2022-03-12T12:25:21.211Z] > git symbolic-ref --short HEAD [29ms]
[2022-03-12T12:25:21.370Z] > git for-each-ref --format=%(refname)%00%(upstream:short)%00%(objectname)%00%(upstream:track) refs/heads/master refs/remotes/master [54ms]
[2022-03-12T12:25:21.556Z] > git for-each-ref --sort -committerdate --format %(refname) %(objectname) %(*objectname) [86ms]
[2022-03-12T12:25:21.572Z] > git remote --verbose [29ms]
[2022-03-12T12:25:23.295Z] > git config --get commit.template [1510ms]
[2022-03-12T12:25:31.583Z] > git symbolic-ref --short HEAD [8ms]
[2022-03-12T12:25:31.644Z] > git for-each-ref --format=%(refname)%00%(upstream:short)%00%(objectname)%00%(upstream:track) refs/heads/master refs/remotes/master [18ms]
[2022-03-12T12:25:31.716Z] > git for-each-ref --sort -committerdate --format %(refname) %(objectname) %(*objectname) [39ms]
[2022-03-12T12:25:31.728Z] > git remote --verbose [15ms]
[2022-03-12T12:25:31.824Z] > git config --get commit.template [13ms]
[2022-03-12T12:25:37.470Z] > git symbolic-ref --short HEAD [21ms]
[2022-03-12T12:25:37.529Z] > git for-each-ref --format=%(refname)%00%(upstream:short)%00%(objectname)%00%(upstream:track) refs/heads/master refs/remotes/master [14ms]
[2022-03-12T12:25:37.605Z] > git for-each-ref --sort -committerdate --format %(refname) %(objectname) %(*objectname) [38ms]
[2022-03-12T12:25:37.614Z] > git remote --verbose [12ms]
[2022-03-12T12:25:37.686Z] > git config --get commit.template [11ms]
[2022-03-12T12:25:43.142Z] > git symbolic-ref --short HEAD [18ms]
[2022-03-12T12:25:43.185Z] > git for-each-ref --format=%(refname)%00%(upstream:short)%00%(objectname)%00%(upstream:track) refs/heads/master refs/remotes/master [11ms]
[2022-03-12T12:25:43.244Z] > git for-each-ref --sort -committerdate --format %(refname) %(objectname) %(*objectname) [30ms]
[2022-03-12T12:25:43.254Z] > git remote --verbose [12ms]
[2022-03-12T12:25:43.320Z] > git config --get commit.template [11ms]
[2022-03-12T12:25:48.728Z] > git symbolic-ref --short HEAD [12ms]
[2022-03-12T12:25:48.770Z] > git for-each-ref --format=%(refname)%00%(upstream:short)%00%(objectname)%00%(upstream:track) refs/heads/master refs/remotes/master [10ms]
[2022-03-12T12:25:48.848Z] > git for-each-ref --sort -committerdate --format %(refname) %(objectname) %(*objectname) [41ms]
[2022-03-12T12:25:48.856Z] > git remote --verbose [13ms]
[2022-03-12T12:25:48.952Z] > git config --get commit.template [17ms]
[2022-03-12T12:25:54.597Z] > git symbolic-ref --short HEAD [18ms]
[2022-03-12T12:25:54.657Z] > git for-each-ref --format=%(refname)%00%(upstream:short)%00%(objectname)%00%(upstream:track) refs/heads/master refs/remotes/master [18ms]
[2022-03-12T12:25:54.767Z] > git for-each-ref --sort -committerdate --format %(refname) %(objectname) %(*objectname) [66ms]
[2022-03-12T12:25:54.784Z] > git remote --verbose [22ms]
[2022-03-12T12:25:55.844Z] > git config --get commit.template [945ms]
[2022-03-12T12:26:11.348Z] > git symbolic-ref --short HEAD [13ms]
[2022-03-12T12:26:11.394Z] > git for-each-ref --format=%(refname)%00%(upstream:short)%00%(objectname)%00%(upstream:track) refs/heads/master refs/remotes/master [12ms]
[2022-03-12T12:26:11.468Z] > git for-each-ref --sort -committerdate --format %(refname) %(objectname) %(*objectname) [37ms]
[2022-03-12T12:26:11.477Z] > git remote --verbose [12ms]
[2022-03-12T12:26:11.550Z] > git config --get commit.template [11ms]
[2022-03-12T12:26:16.996Z] > git symbolic-ref --short HEAD [26ms]
[2022-03-12T12:26:17.040Z] > git for-each-ref --format=%(refname)%00%(upstream:short)%00%(objectname)%00%(upstream:track) refs/heads/master refs/remotes/master [10ms]
[2022-03-12T12:26:17.106Z] > git for-each-ref --sort -committerdate --format %(refname) %(objectname) %(*objectname) [37ms]
[2022-03-12T12:26:17.118Z] > git remote --verbose [15ms]
[2022-03-12T12:26:17.189Z] > git config --get commit.template [12ms]
[2022-03-12T12:26:22.565Z] > git symbolic-ref --short HEAD [11ms]
[2022-03-12T12:26:22.606Z] > git for-each-ref --format=%(refname)%00%(upstream:short)%00%(objectname)%00%(upstream:track) refs/heads/master refs/remotes/master [11ms]
[2022-03-12T12:26:22.670Z] > git for-each-ref --sort -committerdate --format %(refname) %(objectname) %(*objectname) [35ms]
[2022-03-12T12:26:22.678Z] > git remote --verbose [11ms]
[2022-03-12T12:26:22.749Z] > git config --get commit.template [14ms]
[2022-03-12T12:26:28.226Z] > git symbolic-ref --short HEAD [14ms]
[2022-03-12T12:26:28.272Z] > git for-each-ref --format=%(refname)%00%(upstream:short)%00%(objectname)%00%(upstream:track) refs/heads/master refs/remotes/master [13ms]
[2022-03-12T12:26:28.358Z] > git for-each-ref --sort -committerdate --format %(refname) %(objectname) %(*objectname) [52ms]
[2022-03-12T12:26:28.366Z] > git remote --verbose [19ms]
[2022-03-12T12:26:28.456Z] > git config --get commit.template [16ms]
[2022-03-12T12:26:33.986Z] > git symbolic-ref --short HEAD [22ms]
[2022-03-12T12:26:34.027Z] > git for-each-ref --format=%(refname)%00%(upstream:short)%00%(objectname)%00%(upstream:track) refs/heads/master refs/remotes/master [11ms]
[2022-03-12T12:26:34.097Z] > git for-each-ref --sort -committerdate --format %(refname) %(objectname) %(*objectname) [41ms]
[2022-03-12T12:26:34.105Z] > git remote --verbose [14ms]
[2022-03-12T12:26:35.175Z] > git config --get commit.template [848ms]
[2022-03-12T12:26:40.574Z] > git symbolic-ref --short HEAD [15ms]
[2022-03-12T12:26:40.622Z] > git for-each-ref --format=%(refname)%00%(upstream:short)%00%(objectname)%00%(upstream:track) refs/heads/master refs/remotes/master [12ms]
[2022-03-12T12:26:40.685Z] > git for-each-ref --sort -committerdate --format %(refname) %(objectname) %(*objectname) [32ms]
[2022-03-12T12:26:40.695Z] > git remote --verbose [13ms]
[2022-03-12T12:26:40.772Z] > git config --get commit.template [15ms]
[2022-03-12T12:26:46.315Z] > git symbolic-ref --short HEAD [23ms]
[2022-03-12T12:26:46.357Z] > git for-each-ref --format=%(refname)%00%(upstream:short)%00%(objectname)%00%(upstream:track) refs/heads/master refs/remotes/master [12ms]
[2022-03-12T12:26:46.426Z] > git for-each-ref --sort -committerdate --format %(refname) %(objectname) %(*objectname) [39ms]
[2022-03-12T12:26:46.432Z] > git remote --verbose [11ms]
[2022-03-12T12:26:46.508Z] > git config --get commit.template [13ms]
[2022-03-12T12:27:40.228Z] > git symbolic-ref --short HEAD [12ms]
[2022-03-12T12:27:40.269Z] > git for-each-ref --format=%(refname)%00%(upstream:short)%00%(objectname)%00%(upstream:track) refs/heads/master refs/remotes/master [12ms]
[2022-03-12T12:27:40.331Z] > git for-each-ref --sort -committerdate --format %(refname) %(objectname) %(*objectname) [35ms]
[2022-03-12T12:27:40.341Z] > git remote --verbose [12ms]
[2022-03-12T12:27:40.428Z] > git config --get commit.template [15ms]
[2022-03-12T12:27:46.400Z] > git symbolic-ref --short HEAD [39ms]
[2022-03-12T12:27:46.564Z] > git for-each-ref --format=%(refname)%00%(upstream:short)%00%(objectname)%00%(upstream:track) refs/heads/master refs/remotes/master [49ms]
[2022-03-12T12:27:46.781Z] > git for-each-ref --sort -committerdate --format %(refname) %(objectname) %(*objectname) [88ms]
[2022-03-12T12:27:46.791Z] > git remote --verbose [21ms]
[2022-03-12T12:27:49.172Z] > git config --get commit.template [2251ms]
[2022-03-12T12:27:55.333Z] > git symbolic-ref --short HEAD [19ms]
[2022-03-12T12:27:55.375Z] > git for-each-ref --format=%(refname)%00%(upstream:short)%00%(objectname)%00%(upstream:track) refs/heads/master refs/remotes/master [10ms]
[2022-03-12T12:27:55.438Z] > git for-each-ref --sort -committerdate --format %(refname) %(objectname) %(*objectname) [32ms]
[2022-03-12T12:27:55.448Z] > git remote --verbose [12ms]
[2022-03-12T12:27:55.528Z] > git config --get commit.template [12ms]
[2022-03-12T12:28:00.952Z] > git symbolic-ref --short HEAD [18ms]
[2022-03-12T12:28:01.018Z] > git for-each-ref --format=%(refname)%00%(upstream:short)%00%(objectname)%00%(upstream:track) refs/heads/master refs/remotes/master [16ms]
[2022-03-12T12:28:01.123Z] > git for-each-ref --sort -committerdate --format %(refname) %(objectname) %(*objectname) [58ms]
[2022-03-12T12:28:01.128Z] > git remote --verbose [17ms]
[2022-03-12T12:28:01.231Z] > git config --get commit.template [14ms]
[2022-03-12T12:28:14.211Z] > git symbolic-ref --short HEAD [35ms]
[2022-03-12T12:28:14.260Z] > git for-each-ref --format=%(refname)%00%(upstream:short)%00%(objectname)%00%(upstream:track) refs/heads/master refs/remotes/master [11ms]
[2022-03-12T12:28:14.336Z] > git for-each-ref --sort -committerdate --format %(refname) %(objectname) %(*objectname) [41ms]
[2022-03-12T12:28:14.345Z] > git remote --verbose [13ms]
[2022-03-12T12:28:14.429Z] > git config --get commit.template [15ms]
[2022-03-12T12:28:19.910Z] > git symbolic-ref --short HEAD [17ms]
[2022-03-12T12:28:19.965Z] > git for-each-ref --format=%(refname)%00%(upstream:short)%00%(objectname)%00%(upstream:track) refs/heads/master refs/remotes/master [12ms]
[2022-03-12T12:28:20.051Z] > git for-each-ref --sort -committerdate --format %(refname) %(objectname) %(*objectname) [47ms]
[2022-03-12T12:28:20.056Z] > git remote --verbose [14ms]
[2022-03-12T12:28:20.161Z] > git config --get commit.template [15ms]
[2022-03-12T12:28:25.680Z] > git symbolic-ref --short HEAD [30ms]
[2022-03-12T12:28:25.741Z] > git for-each-ref --format=%(refname)%00%(upstream:short)%00%(objectname)%00%(upstream:track) refs/heads/master refs/remotes/master [14ms]
[2022-03-12T12:28:25.837Z] > git for-each-ref --sort -committerdate --format %(refname) %(objectname) %(*objectname) [57ms]
[2022-03-12T12:28:25.843Z] > git remote --verbose [16ms]
[2022-03-12T12:28:25.953Z] > git config --get commit.template [19ms]
[2022-03-12T12:28:31.361Z] > git symbolic-ref --short HEAD [15ms]
[2022-03-12T12:28:31.410Z] > git for-each-ref --format=%(refname)%00%(upstream:short)%00%(objectname)%00%(upstream:track) refs/heads/master refs/remotes/master [12ms]
[2022-03-12T12:28:31.490Z] > git for-each-ref --sort -committerdate --format %(refname) %(objectname) %(*objectname) [40ms]
[2022-03-12T12:28:31.499Z] > git remote --verbose [13ms]
[2022-03-12T12:28:31.577Z] > git config --get commit.template [12ms]
[2022-03-12T12:28:37.055Z] > git symbolic-ref --short HEAD [31ms]
[2022-03-12T12:28:37.103Z] > git for-each-ref --format=%(refname)%00%(upstream:short)%00%(objectname)%00%(upstream:track) refs/heads/master refs/remotes/master [14ms]
[2022-03-12T12:28:37.192Z] > git for-each-ref --sort -committerdate --format %(refname) %(objectname) %(*objectname) [45ms]
[2022-03-12T12:28:37.201Z] > git remote --verbose [14ms]
[2022-03-12T12:28:37.288Z] > git config --get commit.template [12ms]
[2022-03-12T12:28:42.721Z] > git symbolic-ref --short HEAD [14ms]
[2022-03-12T12:28:42.768Z] > git for-each-ref --format=%(refname)%00%(upstream:short)%00%(objectname)%00%(upstream:track) refs/heads/master refs/remotes/master [16ms]
[2022-03-12T12:28:42.856Z] > git for-each-ref --sort -committerdate --format %(refname) %(objectname) %(*objectname) [49ms]
[2022-03-12T12:28:42.865Z] > git remote --verbose [18ms]
[2022-03-12T12:28:43.899Z] > git config --get commit.template [899ms]
[2022-03-12T12:28:49.213Z] > git symbolic-ref --short HEAD [12ms]
[2022-03-12T12:28:49.253Z] > git for-each-ref --format=%(refname)%00%(upstream:short)%00%(objectname)%00%(upstream:track) refs/heads/master refs/remotes/master [11ms]
[2022-03-12T12:28:49.320Z] > git for-each-ref --sort -committerdate --format %(refname) %(objectname) %(*objectname) [35ms]
[2022-03-12T12:28:49.329Z] > git remote --verbose [12ms]
[2022-03-12T12:28:49.403Z] > git config --get commit.template [11ms]
[2022-03-12T12:28:54.711Z] > git symbolic-ref --short HEAD [17ms]
[2022-03-12T12:28:54.791Z] > git for-each-ref --format=%(refname)%00%(upstream:short)%00%(objectname)%00%(upstream:track) refs/heads/master refs/remotes/master [22ms]
[2022-03-12T12:28:54.865Z] > git for-each-ref --sort -committerdate --format %(refname) %(objectname) %(*objectname) [39ms]
[2022-03-12T12:28:54.873Z] > git remote --verbose [14ms]
[2022-03-12T12:28:54.960Z] > git config --get commit.template [13ms]
[2022-03-12T12:29:00.240Z] > git symbolic-ref --short HEAD [3ms]
[2022-03-12T12:29:00.295Z] > git for-each-ref --format=%(refname)%00%(upstream:short)%00%(objectname)%00%(upstream:track) refs/heads/master refs/remotes/master [21ms]
[2022-03-12T12:29:00.368Z] > git for-each-ref --sort -committerdate --format %(refname) %(objectname) %(*objectname) [37ms]
[2022-03-12T12:29:00.375Z] > git remote --verbose [12ms]
[2022-03-12T12:29:00.450Z] > git config --get commit.template [12ms]
[2022-03-12T12:29:05.757Z] > git symbolic-ref --short HEAD [12ms]
[2022-03-12T12:29:05.799Z] > git for-each-ref --format=%(refname)%00%(upstream:short)%00%(objectname)%00%(upstream:track) refs/heads/master refs/remotes/master [10ms]
[2022-03-12T12:29:05.867Z] > git for-each-ref --sort -committerdate --format %(refname) %(objectname) %(*objectname) [38ms]
[2022-03-12T12:29:05.875Z] > git remote --verbose [12ms]
[2022-03-12T12:29:05.956Z] > git config --get commit.template [11ms]
[2022-03-12T12:29:11.455Z] > git symbolic-ref --short HEAD [20ms]
[2022-03-12T12:29:11.521Z] > git for-each-ref --format=%(refname)%00%(upstream:short)%00%(objectname)%00%(upstream:track) refs/heads/master refs/remotes/master [19ms]
[2022-03-12T12:29:11.653Z] > git for-each-ref --sort -committerdate --format %(refname) %(objectname) %(*objectname) [74ms]
[2022-03-12T12:29:11.670Z] > git remote --verbose [28ms]
[2022-03-12T12:29:12.784Z] > git config --get commit.template [1011ms]
[2022-03-12T12:29:22.533Z] > git symbolic-ref --short HEAD [13ms]
[2022-03-12T12:29:22.577Z] > git for-each-ref --format=%(refname)%00%(upstream:short)%00%(objectname)%00%(upstream:track) refs/heads/master refs/remotes/master [11ms]
[2022-03-12T12:29:22.645Z] > git for-each-ref --sort -committerdate --format %(refname) %(objectname) %(*objectname) [39ms]
[2022-03-12T12:29:22.653Z] > git remote --verbose [13ms]
[2022-03-12T12:29:22.730Z] > git config --get commit.template [12ms]
[2022-03-12T12:29:28.023Z] > git symbolic-ref --short HEAD [19ms]
[2022-03-12T12:29:28.088Z] > git for-each-ref --format=%(refname)%00%(upstream:short)%00%(objectname)%00%(upstream:track) refs/heads/master refs/remotes/master [18ms]
[2022-03-12T12:29:28.187Z] > git for-each-ref --sort -committerdate --format %(refname) %(objectname) %(*objectname) [46ms]
[2022-03-12T12:29:28.195Z] > git remote --verbose [12ms]
[2022-03-12T12:29:28.273Z] > git config --get commit.template [13ms]
[2022-03-12T12:29:33.577Z] > git symbolic-ref --short HEAD [12ms]
[2022-03-12T12:29:33.619Z] > git for-each-ref --format=%(refname)%00%(upstream:short)%00%(objectname)%00%(upstream:track) refs/heads/master refs/remotes/master [12ms]
[2022-03-12T12:29:33.700Z] > git for-each-ref --sort -committerdate --format %(refname) %(objectname) %(*objectname) [49ms]
[2022-03-12T12:29:33.707Z] > git remote --verbose [13ms]
[2022-03-12T12:29:33.786Z] > git config --get commit.template [12ms]
[2022-03-12T12:29:49.045Z] > git symbolic-ref --short HEAD [16ms]
[2022-03-12T12:29:49.111Z] > git for-each-ref --format=%(refname)%00%(upstream:short)%00%(objectname)%00%(upstream:track) refs/heads/master refs/remotes/master [24ms]
[2022-03-12T12:29:49.210Z] > git for-each-ref --sort -committerdate --format %(refname) %(objectname) %(*objectname) [48ms]
[2022-03-12T12:29:49.221Z] > git remote --verbose [17ms]
[2022-03-12T12:29:49.311Z] > git config --get commit.template [17ms]
[2022-03-12T12:29:54.830Z] > git symbolic-ref --short HEAD [28ms]
[2022-03-12T12:29:54.903Z] > git for-each-ref --format=%(refname)%00%(upstream:short)%00%(objectname)%00%(upstream:track) refs/heads/master refs/remotes/master [19ms]
[2022-03-12T12:29:55.014Z] > git for-each-ref --sort -committerdate --format %(refname) %(objectname) %(*objectname) [64ms]
[2022-03-12T12:29:55.030Z] > git remote --verbose [19ms]
[2022-03-12T12:29:56.669Z] > git config --get commit.template [1536ms]
[2022-03-12T12:30:06.060Z] > git symbolic-ref --short HEAD [12ms]
[2022-03-12T12:30:06.101Z] > git for-each-ref --format=%(refname)%00%(upstream:short)%00%(objectname)%00%(upstream:track) refs/heads/master refs/remotes/master [10ms]
[2022-03-12T12:30:06.178Z] > git for-each-ref --sort -committerdate --format %(refname) %(objectname) %(*objectname) [42ms]
[2022-03-12T12:30:06.186Z] > git remote --verbose [12ms]
[2022-03-12T12:30:06.255Z] > git config --get commit.template [9ms]
[2022-03-12T12:30:11.526Z] > git symbolic-ref --short HEAD [14ms]
[2022-03-12T12:30:11.570Z] > git for-each-ref --format=%(refname)%00%(upstream:short)%00%(objectname)%00%(upstream:track) refs/heads/master refs/remotes/master [9ms]
[2022-03-12T12:30:11.641Z] > git for-each-ref --sort -committerdate --format %(refname) %(objectname) %(*objectname) [40ms]
[2022-03-12T12:30:11.649Z] > git remote --verbose [13ms]
[2022-03-12T12:30:11.721Z] > git config --get commit.template [10ms]
[2022-03-12T12:30:18.189Z] > git symbolic-ref --short HEAD [17ms]
[2022-03-12T12:30:18.255Z] > git for-each-ref --format=%(refname)%00%(upstream:short)%00%(objectname)%00%(upstream:track) refs/heads/master refs/remotes/master [17ms]
[2022-03-12T12:30:18.334Z] > git for-each-ref --sort -committerdate --format %(refname) %(objectname) %(*objectname) [40ms]
[2022-03-12T12:30:18.341Z] > git remote --verbose [11ms]
[2022-03-12T12:30:18.420Z] > git config --get commit.template [14ms]
[2022-03-12T12:30:23.696Z] > git symbolic-ref --short HEAD [14ms]
[2022-03-12T12:30:23.741Z] > git for-each-ref --format=%(refname)%00%(upstream:short)%00%(objectname)%00%(upstream:track) refs/heads/master refs/remotes/master [10ms]
[2022-03-12T12:30:23.817Z] > git for-each-ref --sort -committerdate --format %(refname) %(objectname) %(*objectname) [45ms]
[2022-03-12T12:30:23.827Z] > git remote --verbose [14ms]
[2022-03-12T12:30:23.922Z] > git config --get commit.template [9ms]
[2022-03-12T12:30:29.188Z] > git symbolic-ref --short HEAD [15ms]
[2022-03-12T12:30:29.230Z] > git for-each-ref --format=%(refname)%00%(upstream:short)%00%(objectname)%00%(upstream:track) refs/heads/master refs/remotes/master [12ms]
[2022-03-12T12:30:29.303Z] > git for-each-ref --sort -committerdate --format %(refname) %(objectname) %(*objectname) [42ms]
[2022-03-12T12:30:29.311Z] > git remote --verbose [11ms]
[2022-03-12T12:30:29.391Z] > git config --get commit.template [13ms]
[2022-03-12T12:30:34.654Z] > git symbolic-ref --short HEAD [13ms]
[2022-03-12T12:30:34.700Z] > git for-each-ref --format=%(refname)%00%(upstream:short)%00%(objectname)%00%(upstream:track) refs/heads/master refs/remotes/master [12ms]
[2022-03-12T12:30:34.774Z] > git for-each-ref --sort -committerdate --format %(refname) %(objectname) %(*objectname) [42ms]
[2022-03-12T12:30:34.783Z] > git remote --verbose [12ms]
[2022-03-12T12:30:34.860Z] > git config --get commit.template [10ms]
[2022-03-12T12:31:03.533Z] > git symbolic-ref --short HEAD [11ms]
[2022-03-12T12:31:03.574Z] > git for-each-ref --format=%(refname)%00%(upstream:short)%00%(objectname)%00%(upstream:track) refs/heads/master refs/remotes/master [11ms]
[2022-03-12T12:31:03.645Z] > git for-each-ref --sort -committerdate --format %(refname) %(objectname) %(*objectname) [37ms]
[2022-03-12T12:31:03.653Z] > git remote --verbose [12ms]
[2022-03-12T12:31:03.727Z] > git config --get commit.template [12ms]
[2022-03-12T12:31:09.004Z] > git symbolic-ref --short HEAD [12ms]
[2022-03-12T12:31:09.051Z] > git for-each-ref --format=%(refname)%00%(upstream:short)%00%(objectname)%00%(upstream:track) refs/heads/master refs/remotes/master [11ms]
[2022-03-12T12:31:09.122Z] > git for-each-ref --sort -committerdate --format %(refname) %(objectname) %(*objectname) [38ms]
[2022-03-12T12:31:09.133Z] > git remote --verbose [14ms]
[2022-03-12T12:31:09.217Z] > git config --get commit.template [12ms]
[2022-03-12T12:31:14.474Z] > git symbolic-ref --short HEAD [12ms]
[2022-03-12T12:31:14.515Z] > git for-each-ref --format=%(refname)%00%(upstream:short)%00%(objectname)%00%(upstream:track) refs/heads/master refs/remotes/master [10ms]
[2022-03-12T12:31:14.590Z] > git for-each-ref --sort -committerdate --format %(refname) %(objectname) %(*objectname) [43ms]
[2022-03-12T12:31:14.598Z] > git remote --verbose [12ms]
[2022-03-12T12:31:14.670Z] > git config --get commit.template [11ms]
[2022-03-12T12:31:19.927Z] > git symbolic-ref --short HEAD [12ms]
[2022-03-12T12:31:19.968Z] > git for-each-ref --format=%(refname)%00%(upstream:short)%00%(objectname)%00%(upstream:track) refs/heads/master refs/remotes/master [11ms]
[2022-03-12T12:31:20.038Z] > git for-each-ref --sort -committerdate --format %(refname) %(objectname) %(*objectname) [38ms]
[2022-03-12T12:31:20.048Z] > git remote --verbose [13ms]
[2022-03-12T12:31:20.866Z] > git config --get commit.template [682ms]
[2022-03-12T12:31:26.160Z] > git symbolic-ref --short HEAD [17ms]
[2022-03-12T12:31:26.205Z] > git for-each-ref --format=%(refname)%00%(upstream:short)%00%(objectname)%00%(upstream:track) refs/heads/master refs/remotes/master [12ms]
[2022-03-12T12:31:26.286Z] > git for-each-ref --sort -committerdate --format %(refname) %(objectname) %(*objectname) [45ms]
[2022-03-12T12:31:26.297Z] > git remote --verbose [17ms]
[2022-03-12T12:31:26.368Z] > git config --get commit.template [14ms]
[2022-03-12T12:31:31.648Z] > git symbolic-ref --short HEAD [13ms]
[2022-03-12T12:31:31.689Z] > git for-each-ref --format=%(refname)%00%(upstream:short)%00%(objectname)%00%(upstream:track) refs/heads/master refs/remotes/master [11ms]
[2022-03-12T12:31:31.765Z] > git for-each-ref --sort -committerdate --format %(refname) %(objectname) %(*objectname) [43ms]
[2022-03-12T12:31:31.774Z] > git remote --verbose [13ms]
[2022-03-12T12:31:31.861Z] > git config --get commit.template [11ms]
[2022-03-12T12:31:37.160Z] > git symbolic-ref --short HEAD [14ms]
[2022-03-12T12:31:37.202Z] > git for-each-ref --format=%(refname)%00%(upstream:short)%00%(objectname)%00%(upstream:track) refs/heads/master refs/remotes/master [12ms]
[2022-03-12T12:31:37.291Z] > git for-each-ref --sort -committerdate --format %(refname) %(objectname) %(*objectname) [49ms]
[2022-03-12T12:31:37.297Z] > git remote --verbose [11ms]
[2022-03-12T12:31:37.370Z] > git config --get commit.template [12ms]
[2022-03-12T12:31:42.692Z] > git symbolic-ref --short HEAD [13ms]
[2022-03-12T12:31:42.735Z] > git for-each-ref --format=%(refname)%00%(upstream:short)%00%(objectname)%00%(upstream:track) refs/heads/master refs/remotes/master [12ms]
[2022-03-12T12:31:42.810Z] > git for-each-ref --sort -committerdate --format %(refname) %(objectname) %(*objectname) [39ms]
[2022-03-12T12:31:42.818Z] > git remote --verbose [11ms]
[2022-03-12T12:31:42.893Z] > git config --get commit.template [9ms]
[2022-03-12T12:31:48.212Z] > git symbolic-ref --short HEAD [17ms]
[2022-03-12T12:31:48.291Z] > git for-each-ref --format=%(refname)%00%(upstream:short)%00%(objectname)%00%(upstream:track) refs/heads/master refs/remotes/master [14ms]
[2022-03-12T12:31:48.424Z] > git for-each-ref --sort -committerdate --format %(refname) %(objectname) %(*objectname) [65ms]
[2022-03-12T12:31:48.435Z] > git remote --verbose [15ms]
[2022-03-12T12:31:48.516Z] > git config --get commit.template [12ms]
[2022-03-12T12:31:53.825Z] > git symbolic-ref --short HEAD [14ms]
[2022-03-12T12:31:53.886Z] > git for-each-ref --format=%(refname)%00%(upstream:short)%00%(objectname)%00%(upstream:track) refs/heads/master refs/remotes/master [18ms]
[2022-03-12T12:31:53.968Z] > git for-each-ref --sort -committerdate --format %(refname) %(objectname) %(*objectname) [41ms]
[2022-03-12T12:31:53.977Z] > git remote --verbose [13ms]
[2022-03-12T12:31:54.053Z] > git config --get commit.template [11ms]
[2022-03-12T12:31:59.360Z] > git symbolic-ref --short HEAD [15ms]
[2022-03-12T12:31:59.403Z] > git for-each-ref --format=%(refname)%00%(upstream:short)%00%(objectname)%00%(upstream:track) refs/heads/master refs/remotes/master [10ms]
[2022-03-12T12:31:59.498Z] > git for-each-ref --sort -committerdate --format %(refname) %(objectname) %(*objectname) [50ms]
[2022-03-12T12:31:59.508Z] > git remote --verbose [15ms]
[2022-03-12T12:31:59.586Z] > git config --get commit.template [17ms]
[2022-03-12T12:32:04.868Z] > git symbolic-ref --short HEAD [13ms]
[2022-03-12T12:32:04.934Z] > git for-each-ref --format=%(refname)%00%(upstream:short)%00%(objectname)%00%(upstream:track) refs/heads/master refs/remotes/master [19ms]
[2022-03-12T12:32:05.015Z] > git for-each-ref --sort -committerdate --format %(refname) %(objectname) %(*objectname) [37ms]
[2022-03-12T12:32:05.025Z] > git remote --verbose [13ms]
[2022-03-12T12:32:05.099Z] > git config --get commit.template [12ms]
[2022-03-12T12:32:36.419Z] > git symbolic-ref --short HEAD [13ms]
[2022-03-12T12:32:36.464Z] > git for-each-ref --format=%(refname)%00%(upstream:short)%00%(objectname)%00%(upstream:track) refs/heads/master refs/remotes/master [11ms]
[2022-03-12T12:32:36.545Z] > git for-each-ref --sort -committerdate --format %(refname) %(objectname) %(*objectname) [47ms]
[2022-03-12T12:32:36.553Z] > git remote --verbose [12ms]
[2022-03-12T12:32:36.624Z] > git config --get commit.template [13ms]
[2022-03-12T12:32:41.927Z] > git symbolic-ref --short HEAD [8ms]
[2022-03-12T12:32:41.979Z] > git for-each-ref --format=%(refname)%00%(upstream:short)%00%(objectname)%00%(upstream:track) refs/heads/master refs/remotes/master [17ms]
[2022-03-12T12:32:42.052Z] > git for-each-ref --sort -committerdate --format %(refname) %(objectname) %(*objectname) [36ms]
[2022-03-12T12:32:42.059Z] > git remote --verbose [11ms]
[2022-03-12T12:32:42.927Z] > git config --get commit.template [752ms]
[2022-03-12T12:32:48.246Z] > git symbolic-ref --short HEAD [12ms]
[2022-03-12T12:32:48.292Z] > git for-each-ref --format=%(refname)%00%(upstream:short)%00%(objectname)%00%(upstream:track) refs/heads/master refs/remotes/master [12ms]
[2022-03-12T12:32:48.380Z] > git for-each-ref --sort -committerdate --format %(refname) %(objectname) %(*objectname) [51ms]
[2022-03-12T12:32:48.389Z] > git remote --verbose [12ms]
[2022-03-12T12:32:49.193Z] > git config --get commit.template [693ms]
[2022-03-12T12:32:54.474Z] > git symbolic-ref --short HEAD [11ms]
[2022-03-12T12:32:54.522Z] > git for-each-ref --format=%(refname)%00%(upstream:short)%00%(objectname)%00%(upstream:track) refs/heads/master refs/remotes/master [11ms]
[2022-03-12T12:32:54.609Z] > git for-each-ref --sort -committerdate --format %(refname) %(objectname) %(*objectname) [47ms]
[2022-03-12T12:32:54.619Z] > git remote --verbose [13ms]
[2022-03-12T12:32:54.709Z] > git config --get commit.template [22ms]
[2022-03-12T12:32:59.988Z] > git symbolic-ref --short HEAD [12ms]
[2022-03-12T12:33:00.047Z] > git for-each-ref --format=%(refname)%00%(upstream:short)%00%(objectname)%00%(upstream:track) refs/heads/master refs/remotes/master [8ms]
[2022-03-12T12:33:00.139Z] > git for-each-ref --sort -committerdate --format %(refname) %(objectname) %(*objectname) [45ms]
[2022-03-12T12:33:00.147Z] > git remote --verbose [12ms]
[2022-03-12T12:33:00.235Z] > git config --get commit.template [23ms]
[2022-03-12T12:33:05.506Z] > git symbolic-ref --short HEAD [12ms]
[2022-03-12T12:33:05.552Z] > git for-each-ref --format=%(refname)%00%(upstream:short)%00%(objectname)%00%(upstream:track) refs/heads/master refs/remotes/master [10ms]
[2022-03-12T12:33:05.642Z] > git for-each-ref --sort -committerdate --format %(refname) %(objectname) %(*objectname) [51ms]
[2022-03-12T12:33:05.651Z] > git remote --verbose [13ms]
[2022-03-12T12:33:05.754Z] > git config --get commit.template [23ms]
[2022-03-12T12:33:11.152Z] > git symbolic-ref --short HEAD [18ms]
[2022-03-12T12:33:11.209Z] > git for-each-ref --format=%(refname)%00%(upstream:short)%00%(objectname)%00%(upstream:track) refs/heads/master refs/remotes/master [13ms]
[2022-03-12T12:33:11.287Z] > git for-each-ref --sort -committerdate --format %(refname) %(objectname) %(*objectname) [41ms]
[2022-03-12T12:33:11.295Z] > git remote --verbose [12ms]
[2022-03-12T12:33:13.270Z] > git config --get commit.template [1914ms]
[2022-03-12T12:33:35.525Z] > git symbolic-ref --short HEAD [11ms]
[2022-03-12T12:33:35.564Z] > git for-each-ref --format=%(refname)%00%(upstream:short)%00%(objectname)%00%(upstream:track) refs/heads/master refs/remotes/master [10ms]
[2022-03-12T12:33:35.635Z] > git for-each-ref --sort -committerdate --format %(refname) %(objectname) %(*objectname) [37ms]
[2022-03-12T12:33:35.643Z] > git remote --verbose [12ms]
[2022-03-12T12:33:35.733Z] > git config --get commit.template [13ms]
[2022-03-12T12:33:41.031Z] > git symbolic-ref --short HEAD [18ms]
[2022-03-12T12:33:41.083Z] > git for-each-ref --format=%(refname)%00%(upstream:short)%00%(objectname)%00%(upstream:track) refs/heads/master refs/remotes/master [13ms]
[2022-03-12T12:33:41.160Z] > git for-each-ref --sort -committerdate --format %(refname) %(objectname) %(*objectname) [36ms]
[2022-03-12T12:33:41.169Z] > git remote --verbose [13ms]
[2022-03-12T12:33:41.246Z] > git config --get commit.template [12ms]
[2022-03-12T12:33:46.530Z] > git symbolic-ref --short HEAD [11ms]
[2022-03-12T12:33:46.572Z] > git for-each-ref --format=%(refname)%00%(upstream:short)%00%(objectname)%00%(upstream:track) refs/heads/master refs/remotes/master [12ms]
[2022-03-12T12:33:46.648Z] > git for-each-ref --sort -committerdate --format %(refname) %(objectname) %(*objectname) [42ms]
[2022-03-12T12:33:46.658Z] > git remote --verbose [13ms]
[2022-03-12T12:33:46.724Z] > git config --get commit.template [11ms]
[2022-03-12T12:33:52.363Z] > git symbolic-ref --short HEAD [51ms]
[2022-03-12T12:33:52.477Z] > git for-each-ref --format=%(refname)%00%(upstream:short)%00%(objectname)%00%(upstream:track) refs/heads/master refs/remotes/master [29ms]
[2022-03-12T12:33:52.613Z] > git for-each-ref --sort -committerdate --format %(refname) %(objectname) %(*objectname) [74ms]
[2022-03-12T12:33:52.633Z] > git remote --verbose [24ms]
[2022-03-12T12:33:54.421Z] > git config --get commit.template [1662ms]
[2022-03-12T12:34:15.847Z] > git symbolic-ref --short HEAD [14ms]
[2022-03-12T12:34:15.894Z] > git for-each-ref --format=%(refname)%00%(upstream:short)%00%(objectname)%00%(upstream:track) refs/heads/master refs/remotes/master [11ms]
[2022-03-12T12:34:15.979Z] > git for-each-ref --sort -committerdate --format %(refname) %(objectname) %(*objectname) [47ms]
[2022-03-12T12:34:15.996Z] > git remote --verbose [20ms]
[2022-03-12T12:34:16.071Z] > git config --get commit.template [12ms]
[2022-03-12T12:34:21.363Z] > git symbolic-ref --short HEAD [14ms]
[2022-03-12T12:34:21.412Z] > git for-each-ref --format=%(refname)%00%(upstream:short)%00%(objectname)%00%(upstream:track) refs/heads/master refs/remotes/master [13ms]
[2022-03-12T12:34:21.491Z] > git for-each-ref --sort -committerdate --format %(refname) %(objectname) %(*objectname) [42ms]
[2022-03-12T12:34:21.497Z] > git remote --verbose [11ms]
[2022-03-12T12:34:21.570Z] > git config --get commit.template [13ms]
[2022-03-12T12:35:50.187Z] > git symbolic-ref --short HEAD [15ms]
[2022-03-12T12:35:50.248Z] > git for-each-ref --format=%(refname)%00%(upstream:short)%00%(objectname)%00%(upstream:track) refs/heads/master refs/remotes/master [12ms]
[2022-03-12T12:35:50.360Z] > git for-each-ref --sort -committerdate --format %(refname) %(objectname) %(*objectname) [55ms]
[2022-03-12T12:35:50.371Z] > git remote --verbose [15ms]
[2022-03-12T12:35:50.503Z] > git config --get commit.template [32ms]
[2022-03-12T12:35:55.738Z] > git symbolic-ref --short HEAD [12ms]
[2022-03-12T12:35:55.777Z] > git for-each-ref --format=%(refname)%00%(upstream:short)%00%(objectname)%00%(upstream:track) refs/heads/master refs/remotes/master [10ms]
[2022-03-12T12:35:55.837Z] > git for-each-ref --sort -committerdate --format %(refname) %(objectname) %(*objectname) [32ms]
[2022-03-12T12:35:55.847Z] > git remote --verbose [13ms]
[2022-03-12T12:35:55.921Z] > git config --get commit.template [11ms]
[2022-03-12T12:36:01.173Z] > git symbolic-ref --short HEAD [13ms]
[2022-03-12T12:36:01.215Z] > git for-each-ref --format=%(refname)%00%(upstream:short)%00%(objectname)%00%(upstream:track) refs/heads/master refs/remotes/master [10ms]
[2022-03-12T12:36:01.304Z] > git for-each-ref --sort -committerdate --format %(refname) %(objectname) %(*objectname) [54ms]
[2022-03-12T12:36:01.311Z] > git remote --verbose [20ms]
[2022-03-12T12:36:01.396Z] > git config --get commit.template [13ms]
[2022-03-12T12:36:06.656Z] > git symbolic-ref --short HEAD [14ms]
[2022-03-12T12:36:06.716Z] > git for-each-ref --format=%(refname)%00%(upstream:short)%00%(objectname)%00%(upstream:track) refs/heads/master refs/remotes/master [18ms]
[2022-03-12T12:36:06.820Z] > git for-each-ref --sort -committerdate --format %(refname) %(objectname) %(*objectname) [58ms]
[2022-03-12T12:36:06.836Z] > git remote --verbose [18ms]
[2022-03-12T12:36:07.700Z] > git config --get commit.template [758ms]
[2022-03-12T12:36:12.971Z] > git symbolic-ref --short HEAD [10ms]
[2022-03-12T12:36:13.016Z] > git for-each-ref --format=%(refname)%00%(upstream:short)%00%(objectname)%00%(upstream:track) refs/heads/master refs/remotes/master [10ms]
[2022-03-12T12:36:13.090Z] > git for-each-ref --sort -committerdate --format %(refname) %(objectname) %(*objectname) [42ms]
[2022-03-12T12:36:13.097Z] > git remote --verbose [11ms]
[2022-03-12T12:36:13.178Z] > git config --get commit.template [18ms]
[2022-03-12T12:36:18.417Z] > git symbolic-ref --short HEAD [11ms]
[2022-03-12T12:36:18.461Z] > git for-each-ref --format=%(refname)%00%(upstream:short)%00%(objectname)%00%(upstream:track) refs/heads/master refs/remotes/master [11ms]
[2022-03-12T12:36:18.529Z] > git for-each-ref --sort -committerdate --format %(refname) %(objectname) %(*objectname) [36ms]
[2022-03-12T12:36:18.543Z] > git remote --verbose [16ms]
[2022-03-12T12:36:18.616Z] > git config --get commit.template [18ms]
[2022-03-12T12:36:23.881Z] > git symbolic-ref --short HEAD [11ms]
[2022-03-12T12:36:23.931Z] > git for-each-ref --format=%(refname)%00%(upstream:short)%00%(objectname)%00%(upstream:track) refs/heads/master refs/remotes/master [11ms]
[2022-03-12T12:36:24.018Z] > git for-each-ref --sort -committerdate --format %(refname) %(objectname) %(*objectname) [54ms]
[2022-03-12T12:36:24.027Z] > git remote --verbose [13ms]
[2022-03-12T12:36:24.123Z] > git config --get commit.template [29ms]
[2022-03-12T12:36:29.364Z] > git symbolic-ref --short HEAD [11ms]
[2022-03-12T12:36:29.409Z] > git for-each-ref --format=%(refname)%00%(upstream:short)%00%(objectname)%00%(upstream:track) refs/heads/master refs/remotes/master [9ms]
[2022-03-12T12:36:29.516Z] > git for-each-ref --sort -committerdate --format %(refname) %(objectname) %(*objectname) [61ms]
[2022-03-12T12:36:29.529Z] > git remote --verbose [16ms]
[2022-03-12T12:36:30.371Z] > git config --get commit.template [747ms]
[2022-03-12T12:36:35.632Z] > git symbolic-ref --short HEAD [12ms]
[2022-03-12T12:36:35.683Z] > git for-each-ref --format=%(refname)%00%(upstream:short)%00%(objectname)%00%(upstream:track) refs/heads/master refs/remotes/master [12ms]
[2022-03-12T12:36:35.766Z] > git for-each-ref --sort -committerdate --format %(refname) %(objectname) %(*objectname) [45ms]
[2022-03-12T12:36:35.774Z] > git remote --verbose [11ms]
[2022-03-12T12:36:35.843Z] > git config --get commit.template [9ms]
[2022-03-12T12:36:41.173Z] > git symbolic-ref --short HEAD [28ms]
[2022-03-12T12:36:41.255Z] > git for-each-ref --format=%(refname)%00%(upstream:short)%00%(objectname)%00%(upstream:track) refs/heads/master refs/remotes/master [26ms]
[2022-03-12T12:36:41.384Z] > git for-each-ref --sort -committerdate --format %(refname) %(objectname) %(*objectname) [68ms]
[2022-03-12T12:36:41.393Z] > git remote --verbose [18ms]
[2022-03-12T12:36:42.591Z] > git config --get commit.template [1111ms]
[2022-03-12T12:36:47.862Z] > git symbolic-ref --short HEAD [13ms]
[2022-03-12T12:36:47.905Z] > git for-each-ref --format=%(refname)%00%(upstream:short)%00%(objectname)%00%(upstream:track) refs/heads/master refs/remotes/master [9ms]
[2022-03-12T12:36:47.984Z] > git for-each-ref --sort -committerdate --format %(refname) %(objectname) %(*objectname) [43ms]
[2022-03-12T12:36:47.993Z] > git remote --verbose [14ms]
[2022-03-12T12:36:48.086Z] > git config --get commit.template [15ms]
[2022-03-12T12:36:53.339Z] > git symbolic-ref --short HEAD [13ms]
[2022-03-12T12:36:53.377Z] > git for-each-ref --format=%(refname)%00%(upstream:short)%00%(objectname)%00%(upstream:track) refs/heads/master refs/remotes/master [9ms]
[2022-03-12T12:36:53.447Z] > git for-each-ref --sort -committerdate --format %(refname) %(objectname) %(*objectname) [39ms]
[2022-03-12T12:36:53.457Z] > git remote --verbose [17ms]
[2022-03-12T12:36:53.533Z] > git config --get commit.template [14ms]
[2022-03-12T12:36:58.805Z] > git symbolic-ref --short HEAD [12ms]
[2022-03-12T12:36:58.850Z] > git for-each-ref --format=%(refname)%00%(upstream:short)%00%(objectname)%00%(upstream:track) refs/heads/master refs/remotes/master [11ms]
[2022-03-12T12:36:58.928Z] > git for-each-ref --sort -committerdate --format %(refname) %(objectname) %(*objectname) [42ms]
[2022-03-12T12:36:58.938Z] > git remote --verbose [12ms]
[2022-03-12T12:36:59.020Z] > git config --get commit.template [23ms]
[2022-03-12T12:37:04.285Z] > git symbolic-ref --short HEAD [18ms]
[2022-03-12T12:37:04.332Z] > git for-each-ref --format=%(refname)%00%(upstream:short)%00%(objectname)%00%(upstream:track) refs/heads/master refs/remotes/master [9ms]
[2022-03-12T12:37:04.408Z] > git for-each-ref --sort -committerdate --format %(refname) %(objectname) %(*objectname) [46ms]
[2022-03-12T12:37:04.416Z] > git remote --verbose [13ms]
[2022-03-12T12:37:04.482Z] > git config --get commit.template [10ms]
[2022-03-12T12:37:09.788Z] > git symbolic-ref --short HEAD [12ms]
[2022-03-12T12:37:09.829Z] > git for-each-ref --format=%(refname)%00%(upstream:short)%00%(objectname)%00%(upstream:track) refs/heads/master refs/remotes/master [11ms]
[2022-03-12T12:37:09.911Z] > git for-each-ref --sort -committerdate --format %(refname) %(objectname) %(*objectname) [44ms]
[2022-03-12T12:37:09.921Z] > git remote --verbose [14ms]
[2022-03-12T12:37:10.003Z] > git config --get commit.template [12ms]
[2022-03-12T12:37:15.260Z] > git symbolic-ref --short HEAD [19ms]
[2022-03-12T12:37:15.309Z] > git for-each-ref --format=%(refname)%00%(upstream:short)%00%(objectname)%00%(upstream:track) refs/heads/master refs/remotes/master [12ms]
[2022-03-12T12:37:15.388Z] > git for-each-ref --sort -committerdate --format %(refname) %(objectname) %(*objectname) [39ms]
[2022-03-12T12:37:15.403Z] > git remote --verbose [16ms]
[2022-03-12T12:37:16.589Z] > git config --get commit.template [1085ms]
[2022-03-12T12:37:16.776Z] > git ls-files --stage -- /home/sgyriley/.bash_history [15ms]
[2022-03-12T12:37:16.830Z] > git cat-file -s a2d42d0e074d22f18ee8f2a0c940522368f1c9c0 [18ms]
[2022-03-12T12:37:21.847Z] > git symbolic-ref --short HEAD [12ms]
[2022-03-12T12:37:21.886Z] > git for-each-ref --format=%(refname)%00%(upstream:short)%00%(objectname)%00%(upstream:track) refs/heads/master refs/remotes/master [10ms]
[2022-03-12T12:37:21.954Z] > git for-each-ref --sort -committerdate --format %(refname) %(objectname) %(*objectname) [38ms]
[2022-03-12T12:37:21.966Z] > git remote --verbose [15ms]
[2022-03-12T12:37:22.057Z] > git config --get commit.template [22ms]
[2022-03-12T12:37:27.304Z] > git symbolic-ref --short HEAD [11ms]
[2022-03-12T12:37:27.347Z] > git for-each-ref --format=%(refname)%00%(upstream:short)%00%(objectname)%00%(upstream:track) refs/heads/master refs/remotes/master [10ms]
[2022-03-12T12:37:27.419Z] > git for-each-ref --sort -committerdate --format %(refname) %(objectname) %(*objectname) [42ms]
[2022-03-12T12:37:27.429Z] > git remote --verbose [14ms]
[2022-03-12T12:37:27.502Z] > git config --get commit.template [11ms]
[2022-03-12T12:37:32.825Z] > git symbolic-ref --short HEAD [17ms]
[2022-03-12T12:37:32.902Z] > git for-each-ref --format=%(refname)%00%(upstream:short)%00%(objectname)%00%(upstream:track) refs/heads/master refs/remotes/master [16ms]
[2022-03-12T12:37:33.013Z] > git for-each-ref --sort -committerdate --format %(refname) %(objectname) %(*objectname) [70ms]
[2022-03-12T12:37:33.020Z] > git remote --verbose [19ms]
[2022-03-12T12:37:33.115Z] > git config --get commit.template [19ms]
[2022-03-12T12:37:38.389Z] > git symbolic-ref --short HEAD [12ms]
[2022-03-12T12:37:38.434Z] > git for-each-ref --format=%(refname)%00%(upstream:short)%00%(objectname)%00%(upstream:track) refs/heads/master refs/remotes/master [11ms]
[2022-03-12T12:37:38.509Z] > git for-each-ref --sort -committerdate --format %(refname) %(objectname) %(*objectname) [44ms]
[2022-03-12T12:37:38.516Z] > git remote --verbose [11ms]
[2022-03-12T12:37:38.587Z] > git config --get commit.template [12ms]
[2022-03-12T12:37:44.059Z] > git symbolic-ref --short HEAD [18ms]
[2022-03-12T12:37:44.175Z] > git for-each-ref --format=%(refname)%00%(upstream:short)%00%(objectname)%00%(upstream:track) refs/heads/master refs/remotes/master [28ms]
[2022-03-12T12:37:44.355Z] > git for-each-ref --sort -committerdate --format %(refname) %(objectname) %(*objectname) [101ms]
[2022-03-12T12:37:44.357Z] > git remote --verbose [13ms]
[2022-03-12T12:37:46.506Z] > git config --get commit.template [2032ms]
[2022-03-12T12:37:48.991Z] > git log --format=%H%n%aN%n%aE%n%at%n%ct%n%P%n%B -z -n21 -- /home/sgyriley/.bash_history [13ms]
[2022-03-12T12:37:48.991Z] fatal: your current branch 'master' does not have any commits yet
[2022-03-12T12:37:51.759Z] > git symbolic-ref --short HEAD [12ms]
[2022-03-12T12:37:51.807Z] > git for-each-ref --format=%(refname)%00%(upstream:short)%00%(objectname)%00%(upstream:track) refs/heads/master refs/remotes/master [12ms]
[2022-03-12T12:37:51.886Z] > git for-each-ref --sort -committerdate --format %(refname) %(objectname) %(*objectname) [44ms]
[2022-03-12T12:37:51.894Z] > git remote --verbose [13ms]
[2022-03-12T12:37:51.967Z] > git config --get commit.template [12ms]
[2022-03-12T12:42:34.942Z] > git symbolic-ref --short HEAD [12ms]
[2022-03-12T12:42:34.981Z] > git for-each-ref --format=%(refname)%00%(upstream:short)%00%(objectname)%00%(upstream:track) refs/heads/master refs/remotes/master [10ms]
[2022-03-12T12:42:35.064Z] > git for-each-ref --sort -committerdate --format %(refname) %(objectname) %(*objectname) [55ms]
[2022-03-12T12:42:35.067Z] > git remote --verbose [13ms]
[2022-03-12T12:42:35.167Z] > git config --get commit.template [13ms]
[2022-03-12T12:42:38.815Z] > git log --format=%H%n%aN%n%aE%n%at%n%ct%n%P%n%B -z -n21 -- /home/sgyriley/.bash_history [17ms]
[2022-03-12T12:42:38.816Z] fatal: your current branch 'master' does not have any commits yet
[2022-03-12T12:42:40.427Z] > git symbolic-ref --short HEAD [11ms]
[2022-03-12T12:42:40.465Z] > git for-each-ref --format=%(refname)%00%(upstream:short)%00%(objectname)%00%(upstream:track) refs/heads/master refs/remotes/master [10ms]
[2022-03-12T12:42:40.539Z] > git for-each-ref --sort -committerdate --format %(refname) %(objectname) %(*objectname) [46ms]
[2022-03-12T12:42:40.549Z] > git remote --verbose [14ms]
[2022-03-12T12:42:40.645Z] > git config --get commit.template [12ms]
[2022-03-12T12:42:46.027Z] > git symbolic-ref --short HEAD [11ms]
[2022-03-12T12:42:46.075Z] > git for-each-ref --format=%(refname)%00%(upstream:short)%00%(objectname)%00%(upstream:track) refs/heads/master refs/remotes/master [14ms]
[2022-03-12T12:42:46.209Z] > git for-each-ref --sort -committerdate --format %(refname) %(objectname) %(*objectname) [68ms]
[2022-03-12T12:42:46.222Z] > git remote --verbose [17ms]
[2022-03-12T12:42:47.269Z] > git config --get commit.template [928ms]
[2022-03-12T12:42:52.677Z] > git symbolic-ref --short HEAD [18ms]
[2022-03-12T12:42:52.744Z] > git for-each-ref --format=%(refname)%00%(upstream:short)%00%(objectname)%00%(upstream:track) refs/heads/master refs/remotes/master [17ms]
[2022-03-12T12:42:52.952Z] > git for-each-ref --sort -committerdate --format %(refname) %(objectname) %(*objectname) [163ms]
[2022-03-12T12:42:52.955Z] > git remote --verbose [14ms]
[2022-03-12T12:42:54.443Z] > git config --get commit.template [1390ms]
[2022-03-12T12:42:59.726Z] > git symbolic-ref --short HEAD [13ms]
[2022-03-12T12:42:59.768Z] > git for-each-ref --format=%(refname)%00%(upstream:short)%00%(objectname)%00%(upstream:track) refs/heads/master refs/remotes/master [12ms]
[2022-03-12T12:42:59.844Z] > git for-each-ref --sort -committerdate --format %(refname) %(objectname) %(*objectname) [42ms]
[2022-03-12T12:42:59.852Z] > git remote --verbose [13ms]
[2022-03-12T12:42:59.922Z] > git config --get commit.template [12ms]
[2022-03-12T12:43:05.272Z] > git symbolic-ref --short HEAD [12ms]
[2022-03-12T12:43:05.317Z] > git for-each-ref --format=%(refname)%00%(upstream:short)%00%(objectname)%00%(upstream:track) refs/heads/master refs/remotes/master [15ms]
[2022-03-12T12:43:05.390Z] > git for-each-ref --sort -committerdate --format %(refname) %(objectname) %(*objectname) [39ms]
[2022-03-12T12:43:05.397Z] > git remote --verbose [13ms]
[2022-03-12T12:43:05.477Z] > git config --get commit.template [13ms]
[2022-03-12T12:43:10.783Z] > git symbolic-ref --short HEAD [17ms]
[2022-03-12T12:43:10.841Z] > git for-each-ref --format=%(refname)%00%(upstream:short)%00%(objectname)%00%(upstream:track) refs/heads/master refs/remotes/master [16ms]
[2022-03-12T12:43:10.925Z] > git for-each-ref --sort -committerdate --format %(refname) %(objectname) %(*objectname) [43ms]
[2022-03-12T12:43:10.934Z] > git remote --verbose [13ms]
[2022-03-12T12:43:11.016Z] > git config --get commit.template [19ms]
[2022-03-12T12:43:16.277Z] > git symbolic-ref --short HEAD [13ms]
[2022-03-12T12:43:16.320Z] > git for-each-ref --format=%(refname)%00%(upstream:short)%00%(objectname)%00%(upstream:track) refs/heads/master refs/remotes/master [12ms]
[2022-03-12T12:43:16.393Z] > git for-each-ref --sort -committerdate --format %(refname) %(objectname) %(*objectname) [41ms]
[2022-03-12T12:43:16.402Z] > git remote --verbose [12ms]
[2022-03-12T12:43:17.589Z] > git config --get commit.template [1042ms]
[2022-03-12T12:43:22.946Z] > git symbolic-ref --short HEAD [13ms]
[2022-03-12T12:43:22.989Z] > git for-each-ref --format=%(refname)%00%(upstream:short)%00%(objectname)%00%(upstream:track) refs/heads/master refs/remotes/master [10ms]
[2022-03-12T12:43:23.069Z] > git for-each-ref --sort -committerdate --format %(refname) %(objectname) %(*objectname) [43ms]
[2022-03-12T12:43:23.083Z] > git remote --verbose [17ms]
[2022-03-12T12:43:23.185Z] > git config --get commit.template [15ms]
[2022-03-12T12:43:28.563Z] > git symbolic-ref --short HEAD [16ms]
[2022-03-12T12:43:28.626Z] > git for-each-ref --format=%(refname)%00%(upstream:short)%00%(objectname)%00%(upstream:track) refs/heads/master refs/remotes/master [15ms]
[2022-03-12T12:43:28.717Z] > git for-each-ref --sort -committerdate --format %(refname) %(objectname) %(*objectname) [45ms]
[2022-03-12T12:43:28.726Z] > git remote --verbose [13ms]
[2022-03-12T12:43:28.818Z] > git config --get commit.template [15ms]
[2022-03-12T12:43:34.135Z] > git symbolic-ref --short HEAD [17ms]
[2022-03-12T12:43:34.195Z] > git for-each-ref --format=%(refname)%00%(upstream:short)%00%(objectname)%00%(upstream:track) refs/heads/master refs/remotes/master [18ms]
[2022-03-12T12:43:34.290Z] > git for-each-ref --sort -committerdate --format %(refname) %(objectname) %(*objectname) [59ms]
[2022-03-12T12:43:34.297Z] > git remote --verbose [16ms]
[2022-03-12T12:43:35.291Z] > git config --get commit.template [888ms]
[2022-03-12T12:43:40.559Z] > git symbolic-ref --short HEAD [11ms]
[2022-03-12T12:43:40.609Z] > git for-each-ref --format=%(refname)%00%(upstream:short)%00%(objectname)%00%(upstream:track) refs/heads/master refs/remotes/master [9ms]
[2022-03-12T12:43:40.700Z] > git for-each-ref --sort -committerdate --format %(refname) %(objectname) %(*objectname) [48ms]
[2022-03-12T12:43:40.710Z] > git remote --verbose [14ms]
[2022-03-12T12:43:41.748Z] > git config --get commit.template [916ms]
[2022-03-12T12:43:47.073Z] > git symbolic-ref --short HEAD [21ms]
[2022-03-12T12:43:47.135Z] > git for-each-ref --format=%(refname)%00%(upstream:short)%00%(objectname)%00%(upstream:track) refs/heads/master refs/remotes/master [18ms]
[2022-03-12T12:43:47.270Z] > git for-each-ref --sort -committerdate --format %(refname) %(objectname) %(*objectname) [61ms]
[2022-03-12T12:43:47.284Z] > git remote --verbose [22ms]
[2022-03-12T12:43:48.608Z] > git config --get commit.template [1161ms]
[2022-03-12T12:43:53.994Z] > git symbolic-ref --short HEAD [2ms]
[2022-03-12T12:43:54.064Z] > git for-each-ref --format=%(refname)%00%(upstream:short)%00%(objectname)%00%(upstream:track) refs/heads/master refs/remotes/master [18ms]
[2022-03-12T12:43:54.147Z] > git for-each-ref --sort -committerdate --format %(refname) %(objectname) %(*objectname) [45ms]
[2022-03-12T12:43:54.156Z] > git remote --verbose [14ms]
[2022-03-12T12:43:54.246Z] > git config --get commit.template [11ms]
[2022-03-12T12:43:59.619Z] > git symbolic-ref --short HEAD [14ms]
[2022-03-12T12:43:59.672Z] > git for-each-ref --format=%(refname)%00%(upstream:short)%00%(objectname)%00%(upstream:track) refs/heads/master refs/remotes/master [12ms]
[2022-03-12T12:43:59.778Z] > git for-each-ref --sort -committerdate --format %(refname) %(objectname) %(*objectname) [50ms]
[2022-03-12T12:43:59.796Z] > git remote --verbose [20ms]
[2022-03-12T12:43:59.886Z] > git config --get commit.template [21ms]
[2022-03-12T12:44:01.772Z] > git log --format=%H%n%aN%n%aE%n%at%n%ct%n%P%n%B -z -n21 -- /home/sgyriley/.bash_history [20ms]
[2022-03-12T12:44:01.772Z] fatal: your current branch 'master' does not have any commits yet
[2022-03-12T12:44:05.543Z] > git symbolic-ref --short HEAD [12ms]
[2022-03-12T12:44:05.585Z] > git for-each-ref --format=%(refname)%00%(upstream:short)%00%(objectname)%00%(upstream:track) refs/heads/master refs/remotes/master [9ms]
[2022-03-12T12:44:05.660Z] > git for-each-ref --sort -committerdate --format %(refname) %(objectname) %(*objectname) [44ms]
[2022-03-12T12:44:05.673Z] > git remote --verbose [16ms]
[2022-03-12T12:44:05.744Z] > git config --get commit.template [13ms]
[2022-03-12T12:44:10.991Z] > git symbolic-ref --short HEAD [12ms]
[2022-03-12T12:44:11.032Z] > git for-each-ref --format=%(refname)%00%(upstream:short)%00%(objectname)%00%(upstream:track) refs/heads/master refs/remotes/master [10ms]
[2022-03-12T12:44:11.099Z] > git for-each-ref --sort -committerdate --format %(refname) %(objectname) %(*objectname) [36ms]
[2022-03-12T12:44:11.114Z] > git remote --verbose [18ms]
[2022-03-12T12:44:11.185Z] > git config --get commit.template [12ms]
[2022-03-12T12:44:16.560Z] > git symbolic-ref --short HEAD [18ms]
[2022-03-12T12:44:16.636Z] > git for-each-ref --format=%(refname)%00%(upstream:short)%00%(objectname)%00%(upstream:track) refs/heads/master refs/remotes/master [20ms]
[2022-03-12T12:44:16.795Z] > git for-each-ref --sort -committerdate --format %(refname) %(objectname) %(*objectname) [59ms]
[2022-03-12T12:44:16.805Z] > git remote --verbose [14ms]
[2022-03-12T12:44:18.079Z] > git config --get commit.template [1203ms]
[2022-03-12T12:44:23.654Z] > git symbolic-ref --short HEAD [12ms]
[2022-03-12T12:44:23.697Z] > git for-each-ref --format=%(refname)%00%(upstream:short)%00%(objectname)%00%(upstream:track) refs/heads/master refs/remotes/master [12ms]
[2022-03-12T12:44:23.809Z] > git for-each-ref --sort -committerdate --format %(refname) %(objectname) %(*objectname) [77ms]
[2022-03-12T12:44:23.818Z] > git remote --verbose [23ms]
[2022-03-12T12:44:24.868Z] > git config --get commit.template [920ms]
[2022-03-12T12:46:13.180Z] > git symbolic-ref --short HEAD [25ms]
[2022-03-12T12:46:13.224Z] > git for-each-ref --format=%(refname)%00%(upstream:short)%00%(objectname)%00%(upstream:track) refs/heads/master refs/remotes/master [13ms]
[2022-03-12T12:46:13.290Z] > git for-each-ref --sort -committerdate --format %(refname) %(objectname) %(*objectname) [35ms]
[2022-03-12T12:46:13.298Z] > git remote --verbose [13ms]
[2022-03-12T12:46:13.395Z] > git config --get commit.template [13ms]
[2022-03-12T12:46:17.876Z] > git log --format=%H%n%aN%n%aE%n%at%n%ct%n%P%n%B -z -n21 -- /home/sgyriley/.bash_history [19ms]
[2022-03-12T12:46:17.876Z] fatal: your current branch 'master' does not have any commits yet
[2022-03-12T12:46:18.666Z] > git symbolic-ref --short HEAD [11ms]
[2022-03-12T12:46:18.706Z] > git for-each-ref --format=%(refname)%00%(upstream:short)%00%(objectname)%00%(upstream:track) refs/heads/master refs/remotes/master [9ms]
[2022-03-12T12:46:18.781Z] > git for-each-ref --sort -committerdate --format %(refname) %(objectname) %(*objectname) [41ms]
[2022-03-12T12:46:18.786Z] > git remote --verbose [13ms]
[2022-03-12T12:46:18.862Z] > git config --get commit.template [11ms]
[2022-03-12T12:46:20.920Z] > git ls-files --stage -- /home/sgyriley/hello/pikcls [13ms]
[2022-03-12T12:46:20.964Z] > git cat-file -s e69de29bb2d1d6434b8b29ae775ad8c2e48c5391 [13ms]
[2022-03-12T12:46:24.179Z] > git symbolic-ref --short HEAD [14ms]
[2022-03-12T12:46:24.226Z] > git for-each-ref --format=%(refname)%00%(upstream:short)%00%(objectname)%00%(upstream:track) refs/heads/master refs/remotes/master [11ms]
[2022-03-12T12:46:24.313Z] > git for-each-ref --sort -committerdate --format %(refname) %(objectname) %(*objectname) [45ms]
[2022-03-12T12:46:24.321Z] > git remote --verbose [12ms]
[2022-03-12T12:46:24.423Z] > git config --get commit.template [15ms]
